============================================================
gLV AD-EnKF parameter estimation run
============================================================
  data_truth_path   = gLV/data/glv_ahidden0p00_truth.npz
  data_obs_path     = gLV/data/glv_ahidden0p00_obs.npz
  init_theta_scale = 0.8
  lr                = 0.02
  process_std       = 0.0
  N_ens             = 100
  epochs            = 200
  chunk_length      = 10
============================================================
 Epoch    ||θ-θ_true||_2    Log-likelihood
------------------------------------------------------------
     0      3.682177e-01        -3214.3545
     1      4.240404e-01        -1558.2928
     2      4.407000e-01          102.1134
     3      4.318587e-01          301.5767
     4      4.207782e-01          418.9690
     5      4.076436e-01          481.3165
     6      3.947745e-01          509.6401
     7      3.829762e-01          519.5535
     8      3.778132e-01          531.9243
     9      3.746835e-01          552.0495
    10      3.736733e-01          526.8766
    11      3.719652e-01          518.3805
    12      3.728934e-01          527.8109
    13      3.774835e-01          507.0843
    14      3.846646e-01          485.5594
    15      3.910375e-01          471.7093
    16      3.970426e-01          476.5236
    17      4.082012e-01          485.5888
    18      4.169511e-01          459.8875
    19      4.263151e-01          451.6793
    20      4.415092e-01          448.2036
    21      4.537000e-01          419.3492
    22      4.672325e-01          451.6256
    23      4.823427e-01          445.7481
    24      4.955417e-01          377.4709
    25      5.036927e-01          428.2698
    26      5.175198e-01          404.8116
    27      5.367473e-01          399.9915
    28      5.355569e-01          451.8720
    29      5.524039e-01          386.8283
    30      5.661343e-01          434.2537
    31      5.685893e-01          438.6546
    32      5.931679e-01          392.7991
    33      5.754508e-01          447.6144
    34      5.957196e-01          374.9280
    35      6.150758e-01          437.9390
    36      6.235831e-01          445.9752
    37      6.620262e-01          349.8409
    38      6.425113e-01          395.1784
    39      6.541896e-01          392.4904
    40      6.559569e-01          581.3167
    41      6.597574e-01          562.8618
    42      6.609122e-01          578.5714
    43      6.615947e-01          578.1107
    44      6.605418e-01          581.5663
    45      6.605572e-01          580.4059
    46      6.634386e-01          580.2735
    47      6.643282e-01          582.5171
    48      6.660067e-01          580.7495
    49      6.673171e-01          578.6262
    50      6.684846e-01          578.8456
    51      6.684052e-01          579.4049
    52      6.693639e-01          577.9081
    53      6.701896e-01          578.0873
    54      6.716129e-01          577.0300
    55      6.717426e-01          579.4547
    56      6.732914e-01          574.7490
    57      6.740030e-01          576.8716
    58      6.767103e-01          573.5642
    59      6.744779e-01          574.7318
    60      6.759141e-01          573.6364
    61      6.770652e-01          574.4595
    62      6.757361e-01          574.5869
    63      6.760786e-01          574.6985
    64      6.759273e-01          577.7089
    65      6.783646e-01          575.8160
    66      6.777971e-01          576.8075
    67      6.792040e-01          577.3452
    68      6.812842e-01          575.8847
    69      6.833972e-01          576.3181
    70      6.846899e-01          575.6046
    71      6.840087e-01          574.5923
    72      6.849905e-01          575.5552
    73      6.845317e-01          575.4406
    74      6.866935e-01          576.5879
    75      6.877638e-01          576.5263
    76      6.891386e-01          575.4802
    77      6.886969e-01          576.9858
    78      6.910821e-01          576.0669
    79      6.926815e-01          576.4418
    80      6.933190e-01          576.2730
    81      6.951158e-01          576.0474
    82      6.969450e-01          577.6823
    83      6.972188e-01          576.5521
    84      6.993248e-01          576.9440
    85      7.007022e-01          576.7120
    86      7.016537e-01          576.2808
    87      7.024375e-01          576.1700
    88      7.019948e-01          577.7389
    89      7.017714e-01          576.0625
    90      7.035500e-01          576.4666
    91      7.058157e-01          578.6566
    92      7.076328e-01          575.5325
    93      7.073903e-01          577.1593
    94      7.081494e-01          576.9689
    95      7.088665e-01          576.5746
    96      7.095152e-01          578.4734
    97      7.121031e-01          576.8456
    98      7.121226e-01          578.6194
    99      7.107884e-01          577.4669
   100      7.136051e-01          580.3023
   101      7.133037e-01          579.5557
   102      7.145362e-01          579.4436
   103      7.172625e-01          580.3932
   104      7.159017e-01          579.0760
   105      7.165434e-01          579.7776
   106      7.203035e-01          581.0635
   107      7.202519e-01          578.7615
   108      7.199043e-01          580.4526
   109      7.192332e-01          580.7328
   110      7.189245e-01          581.7560
   111      7.219549e-01          582.5818
   112      7.240894e-01          580.4510
   113      7.242092e-01          581.3492
   114      7.243911e-01          582.7127
   115      7.237307e-01          582.0115
   116      7.263274e-01          583.3148
   117      7.312046e-01          580.7925
   118      7.279686e-01          580.5229
   119      7.299273e-01          581.9600
   120      7.277933e-01          581.6246
   121      7.270436e-01          583.2645
   122      7.270956e-01          584.1060
   123      7.277181e-01          584.3613
   124      7.302178e-01          585.8210
   125      7.280114e-01          582.2816
   126      7.305428e-01          585.5134
   127      7.300017e-01          584.4382
   128      7.314716e-01          584.9965
   129      7.300829e-01          584.0394
   130      7.304159e-01          586.5998
   131      7.307178e-01          584.4116
   132      7.322516e-01          584.8687
   133      7.341880e-01          584.3052
   134      7.333876e-01          584.9854
   135      7.336499e-01          585.1826
   136      7.334752e-01          584.9830
   137      7.354841e-01          586.0518
   138      7.346658e-01          584.5865
   139      7.347359e-01          585.7028
   140      7.350176e-01          586.3369
   141      7.371257e-01          587.1702
   142      7.390887e-01          585.8117
   143      7.388850e-01          586.2699
   144      7.400748e-01          586.6367
   145      7.389135e-01          586.1994
   146      7.401523e-01          588.2253
   147      7.417433e-01          587.2259
   148      7.393293e-01          587.8878
   149      7.412947e-01          587.8943
   150      7.436640e-01          587.3587
   151      7.408763e-01          585.7618
   152      7.402335e-01          588.9442
   153      7.443734e-01          589.9006
   154      7.450326e-01          589.2507
   155      7.470281e-01          588.4921
   156      7.468727e-01          588.0975
   157      7.476886e-01          588.9507
   158      7.477832e-01          590.1149
   159      7.469005e-01          589.3843
   160      7.473871e-01          589.4583
   161      7.505054e-01          590.0305
   162      7.508403e-01          587.4484
   163      7.522033e-01          588.7742
   164      7.524635e-01          588.5228
   165      7.513648e-01          590.3123
   166      7.517604e-01          590.6312
   167      7.506865e-01          590.0703
   168      7.504545e-01          591.6944
   169      7.501373e-01          590.0696
   170      7.495206e-01          589.0714
   171      7.491915e-01          590.4825
   172      7.454461e-01          590.7927
   173      7.470219e-01          591.8168
   174      7.484019e-01          590.2520
   175      7.492474e-01          589.0477
   176      7.487803e-01          589.3841
   177      7.503654e-01          591.0138
   178      7.451670e-01          591.0665
   179      7.471107e-01          591.9965
   180      7.468110e-01          589.5175
   181      7.500854e-01          590.7288
   182      7.496534e-01          588.5607
   183      7.519973e-01          590.0652
   184      7.509632e-01          591.0832
   185      7.515575e-01          591.9943
   186      7.499003e-01          591.4979
   187      7.505217e-01          592.8442
   188      7.532657e-01          592.6691
   189      7.556619e-01          590.0230
   190      7.561134e-01          589.0308
   191      7.542223e-01          589.6295
   192      7.533263e-01          593.1235
   193      7.532648e-01          592.8466
   194      7.542827e-01          594.6778
   195      7.557818e-01          593.8947
   196      7.558637e-01          591.8066
   197      7.543761e-01          590.7131
   198      7.539061e-01          592.1091
   199      7.565499e-01          592.9250
------------------------------------------------------------
Summary
------------------------------------------------------------
  Final  ||θ - θ_true||_2  = 7.565499e-01
  Final  log-likelihood   = 592.9250
  Best   log-likelihood   = 594.6778  (epoch 194)
============================================================
