============================================================
gLV AD-EnKF parameter estimation run
============================================================
  data_truth_path   = gLV/data/glv_ahidden0p00_truth.npz
  data_obs_path     = gLV/data/glv_ahidden0p00_obs.npz
  init_theta_scale = 0.8
  lr                = 0.01
  process_std       = 0.01
  N_ens             = 50
  epochs            = 200
  chunk_length      = 20
============================================================
 Epoch    ||θ-θ_true||_2    Log-likelihood
------------------------------------------------------------
     0      3.746719e-01          567.3588
     1      3.722401e-01          565.0983
     2      3.688718e-01          678.1230
     3      3.642429e-01          732.8341
     4      3.652085e-01          738.8193
     5      3.669383e-01          735.0934
     6      3.663622e-01          731.3342
     7      3.681515e-01          735.2137
     8      3.730674e-01          726.9404
     9      3.791622e-01          731.2447
    10      3.819909e-01          741.3811
    11      3.871258e-01          739.5150
    12      3.954754e-01          748.1512
    13      4.003415e-01          745.6760
    14      4.202865e-01          594.0472
    15      4.274920e-01          713.5632
    16      4.302726e-01          723.5848
    17      4.294443e-01          722.0184
    18      4.406762e-01          721.8124
    19      4.408037e-01          726.9377
    20      4.461718e-01          713.6869
    21      4.458119e-01          728.9673
    22      4.511865e-01          743.7959
    23      4.548547e-01          721.5331
    24      4.561703e-01          710.6091
    25      4.539618e-01          727.1268
    26      4.547384e-01          746.9915
    27      4.556380e-01          737.1699
    28      4.667728e-01          749.4137
    29      4.722275e-01          732.8525
    30      4.738666e-01          724.7888
    31      4.744817e-01          747.2986
    32      4.812934e-01          752.7855
    33      4.844810e-01          733.3811
    34      4.878828e-01          742.0239
    35      4.952508e-01          753.2679
    36      4.896199e-01          681.9373
    37      4.875587e-01          663.8726
    38      4.797707e-01          736.3513
    39      4.821393e-01          749.9987
    40      4.830506e-01          752.6510
    41      4.832428e-01          748.7761
    42      4.838212e-01          759.4937
    43      4.846554e-01          756.7501
    44      4.855607e-01          747.9946
    45      4.868819e-01          764.6575
    46      4.881993e-01          758.5615
    47      4.895334e-01          761.6956
    48      4.902546e-01          764.4520
    49      4.910229e-01          755.4535
    50      4.920864e-01          758.3945
    51      4.929732e-01          755.9341
    52      4.945041e-01          753.1127
    53      4.965660e-01          754.3154
    54      4.973395e-01          759.1437
    55      4.981101e-01          753.3628
    56      4.998820e-01          752.8879
    57      5.017461e-01          756.9746
    58      5.033432e-01          751.8527
    59      5.045125e-01          756.6176
    60      5.054042e-01          750.6544
    61      5.062928e-01          740.1791
    62      5.069183e-01          749.1577
    63      5.084836e-01          761.5931
    64      5.099018e-01          753.9532
    65      5.114642e-01          754.0007
    66      5.129511e-01          744.0473
    67      5.146993e-01          747.6934
    68      5.165098e-01          746.2014
    69      5.185868e-01          750.8878
    70      5.202551e-01          751.2072
    71      5.222870e-01          749.5946
    72      5.249095e-01          755.2204
    73      5.284510e-01          741.7449
    74      5.302932e-01          721.2067
    75      5.322860e-01          733.7688
    76      5.335855e-01          740.9808
    77      5.326958e-01          728.9510
    78      5.330231e-01          726.6957
    79      5.331638e-01          744.6855
    80      5.342725e-01          738.2667
    81      5.348890e-01          741.5234
    82      5.360978e-01          728.3001
    83      5.375412e-01          738.6510
    84      5.400254e-01          739.9410
    85      5.435441e-01          743.6543
    86      5.466430e-01          710.6614
    87      5.492266e-01          715.4359
    88      5.502729e-01          729.0853
    89      5.511184e-01          733.0236
    90      5.512338e-01          723.7815
    91      5.515674e-01          718.2651
    92      5.519954e-01          731.9991
    93      5.536634e-01          730.4424
    94      5.540583e-01          724.3742
    95      5.539033e-01          713.6771
    96      5.541133e-01          716.1952
    97      5.545223e-01          721.6987
    98      5.542903e-01          681.1107
    99      5.544604e-01          718.4609
   100      5.542270e-01          730.1333
   101      5.552824e-01          721.7278
   102      5.555558e-01          740.1924
   103      5.568767e-01          723.8001
   104      5.573875e-01          729.1310
   105      5.580614e-01          720.8570
   106      5.578257e-01          722.2286
   107      5.582338e-01          740.3292
   108      5.590133e-01          720.1473
   109      5.588220e-01          724.2394
   110      5.585204e-01          712.7427
   111      5.597624e-01          716.0030
   112      5.597291e-01          713.8318
   113      5.602195e-01          734.7628
   114      5.622667e-01          728.0804
   115      5.615805e-01          713.1094
   116      5.628278e-01          724.3528
   117      5.630344e-01          725.3079
   118      5.637614e-01          699.8176
   119      5.640132e-01          721.1429
   120      5.637840e-01          710.6403
   121      5.648618e-01          721.9232
   122      5.652314e-01          731.8895
   123      5.654927e-01          713.3294
   124      5.656255e-01          715.5908
   125      5.659636e-01          721.2647
   126      5.659634e-01          728.2856
   127      5.663890e-01          738.3970
   128      5.668060e-01          724.4257
   129      5.671577e-01          718.8802
   130      5.675479e-01          728.7880
   131      5.680317e-01          741.6494
   132      5.686935e-01          721.5845
   133      5.694419e-01          720.0020
   134      5.693493e-01          722.3931
   135      5.701412e-01          733.7731
   136      5.703900e-01          730.8625
   137      5.707949e-01          711.6885
   138      5.706345e-01          715.5337
   139      5.709929e-01          744.0950
   140      5.715825e-01          702.0948
   141      5.722448e-01          728.0164
   142      5.724261e-01          714.8423
   143      5.725750e-01          705.2076
   144      5.727872e-01          721.4169
   145      5.730530e-01          736.8591
   146      5.729763e-01          715.3214
   147      5.733283e-01          723.6271
   148      5.734169e-01          733.1880
   149      5.737016e-01          732.2333
   150      5.743391e-01          725.7892
   151      5.747989e-01          720.8427
   152      5.757895e-01          733.4175
   153      5.762068e-01          728.3235
   154      5.766023e-01          739.4526
   155      5.771305e-01          713.8770
   156      5.772114e-01          711.5089
   157      5.779024e-01          731.9585
   158      5.785501e-01          751.6288
   159      5.782694e-01          715.4916
   160      5.784786e-01          705.5477
   161      5.784333e-01          721.3900
   162      5.788032e-01          725.6757
   163      5.795674e-01          731.9368
   164      5.803413e-01          724.7716
   165      5.810170e-01          746.2504
   166      5.814580e-01          732.8056
   167      5.818056e-01          713.6346
   168      5.824528e-01          730.6022
   169      5.836939e-01          722.0010
   170      5.841113e-01          737.4540
   171      5.843264e-01          735.5502
   172      5.845517e-01          722.5741
   173      5.848958e-01          723.2349
   174      5.849770e-01          721.7554
   175      5.855238e-01          747.4067
   176      5.856914e-01          710.7692
   177      5.864104e-01          738.7874
   178      5.867039e-01          723.3914
   179      5.868998e-01          722.6217
   180      5.870140e-01          728.6383
   181      5.876002e-01          722.5660
   182      5.884604e-01          733.5032
   183      5.889578e-01          738.0241
   184      5.889197e-01          726.3230
   185      5.890894e-01          723.3285
   186      5.894983e-01          725.5903
   187      5.897053e-01          700.7236
   188      5.901737e-01          732.3014
   189      5.901638e-01          734.0565
   190      5.904851e-01          723.6661
   191      5.906271e-01          739.9712
   192      5.906407e-01          723.8052
   193      5.912631e-01          703.8815
   194      5.920917e-01          715.5879
   195      5.927319e-01          739.6596
   196      5.927265e-01          726.8269
   197      5.934739e-01          749.8839
   198      5.940356e-01          735.2114
   199      5.939979e-01          736.8839
------------------------------------------------------------
Summary
------------------------------------------------------------
  Final  ||θ - θ_true||_2  = 5.939979e-01
  Final  log-likelihood   = 736.8839
  Best   log-likelihood   = 764.6575  (epoch 45)
============================================================
