============================================================
gLV AD-EnKF parameter estimation run
============================================================
  data_truth_path   = gLV/data/glv_ahidden0p00_truth.npz
  data_obs_path     = gLV/data/glv_ahidden0p00_obs.npz
  init_theta_scale = 0.8
  lr                = 0.005
  process_std       = 0.01
  N_ens             = 100
  epochs            = 200
  chunk_length      = 10
============================================================
 Epoch    ||θ-θ_true||_2    Log-likelihood
------------------------------------------------------------
     0      3.753760e-01          604.5369
     1      3.744912e-01          723.1641
     2      3.742108e-01          727.0099
     3      3.744152e-01          731.0310
     4      3.745408e-01          731.8015
     5      3.751912e-01          737.0522
     6      3.760802e-01          744.5250
     7      3.763251e-01          747.0767
     8      3.770660e-01          742.6255
     9      3.785261e-01          751.7768
    10      3.798996e-01          751.3100
    11      3.783504e-01          742.9061
    12      3.778431e-01          739.6465
    13      3.800444e-01          752.0991
    14      3.788922e-01          745.1818
    15      3.790307e-01          736.8310
    16      3.785479e-01          755.6297
    17      3.802245e-01          756.0687
    18      3.798460e-01          759.3912
    19      3.798803e-01          758.4041
    20      3.808661e-01          757.7429
    21      3.818363e-01          757.9919
    22      3.818237e-01          735.9069
    23      3.843343e-01          732.0961
    24      3.875656e-01          740.4030
    25      3.899975e-01          741.3942
    26      3.921318e-01          761.6166
    27      3.939453e-01          761.0828
    28      3.951088e-01          762.2989
    29      3.968454e-01          756.0959
    30      3.994205e-01          758.3376
    31      4.030370e-01          761.5383
    32      4.048377e-01          764.6072
    33      4.069106e-01          763.8032
    34      4.083048e-01          767.1901
    35      4.095591e-01          760.5482
    36      4.098796e-01          763.0491
    37      4.122132e-01          759.3881
    38      4.136478e-01          754.7711
    39      4.137813e-01          753.9650
    40      4.138350e-01          779.8911
    41      4.147515e-01          784.3350
    42      4.154657e-01          780.7596
    43      4.161556e-01          782.8471
    44      4.164865e-01          786.5379
    45      4.169760e-01          789.3459
    46      4.172315e-01          787.8324
    47      4.176793e-01          784.1816
    48      4.182272e-01          784.3618
    49      4.185281e-01          781.7211
    50      4.190457e-01          789.2578
    51      4.195955e-01          783.7255
    52      4.205841e-01          784.7836
    53      4.212385e-01          782.7291
    54      4.216472e-01          784.4971
    55      4.224522e-01          784.8321
    56      4.228961e-01          786.5240
    57      4.231864e-01          779.4130
    58      4.239832e-01          782.6199
    59      4.242457e-01          783.0585
    60      4.252397e-01          783.7032
    61      4.258601e-01          786.6508
    62      4.264763e-01          784.7842
    63      4.270521e-01          783.0916
    64      4.281096e-01          788.0709
    65      4.286704e-01          784.1248
    66      4.293026e-01          783.0461
    67      4.305162e-01          781.8461
    68      4.306208e-01          788.5480
    69      4.315099e-01          782.6009
    70      4.321579e-01          783.1554
    71      4.331189e-01          785.6847
    72      4.341522e-01          782.7960
    73      4.345610e-01          785.4542
    74      4.357105e-01          784.1369
    75      4.363816e-01          784.7742
    76      4.372228e-01          784.2740
    77      4.382862e-01          781.3872
    78      4.393565e-01          783.8870
    79      4.395617e-01          785.0730
    80      4.406721e-01          782.6671
    81      4.413258e-01          781.2421
    82      4.418769e-01          779.3218
    83      4.428909e-01          785.5524
    84      4.433108e-01          784.4321
    85      4.439268e-01          785.5605
    86      4.448633e-01          784.3134
    87      4.451647e-01          781.6890
    88      4.459388e-01          781.5023
    89      4.468484e-01          784.6290
    90      4.474468e-01          780.7922
    91      4.485012e-01          784.6893
    92      4.492688e-01          782.2571
    93      4.501913e-01          789.6755
    94      4.513122e-01          783.9477
    95      4.518586e-01          786.0877
    96      4.527061e-01          778.0651
    97      4.535505e-01          780.2310
    98      4.542361e-01          784.1984
    99      4.550920e-01          778.4247
   100      4.556020e-01          781.0826
   101      4.563819e-01          782.0725
   102      4.571206e-01          782.1626
   103      4.581942e-01          782.9968
   104      4.588549e-01          784.9809
   105      4.596791e-01          778.1909
   106      4.604619e-01          777.9813
   107      4.609551e-01          776.1241
   108      4.618161e-01          775.6907
   109      4.628426e-01          783.6460
   110      4.637426e-01          783.2301
   111      4.645914e-01          778.8784
   112      4.652308e-01          782.6663
   113      4.657505e-01          778.0721
   114      4.666835e-01          777.7257
   115      4.670002e-01          778.1902
   116      4.678853e-01          782.3019
   117      4.685192e-01          782.4337
   118      4.694992e-01          780.3970
   119      4.704075e-01          779.4554
   120      4.708677e-01          782.6339
   121      4.717647e-01          769.7045
   122      4.726543e-01          784.8166
   123      4.736612e-01          777.7189
   124      4.745235e-01          777.5463
   125      4.756612e-01          776.9201
   126      4.761139e-01          777.5496
   127      4.765733e-01          776.7950
   128      4.769049e-01          774.8239
   129      4.774777e-01          777.9407
   130      4.782868e-01          771.8098
   131      4.787347e-01          775.7902
   132      4.794855e-01          775.9565
   133      4.801689e-01          776.4337
   134      4.806953e-01          773.4222
   135      4.809899e-01          771.8133
   136      4.816079e-01          780.5928
   137      4.824552e-01          782.5953
   138      4.827027e-01          773.8746
   139      4.835667e-01          777.4679
   140      4.847097e-01          771.6356
   141      4.854142e-01          781.3002
   142      4.860120e-01          776.2585
   143      4.866574e-01          781.6424
   144      4.875164e-01          779.5308
   145      4.885162e-01          760.7278
   146      4.894554e-01          776.1729
   147      4.900071e-01          774.1215
   148      4.901783e-01          769.8455
   149      4.908835e-01          776.4633
   150      4.916430e-01          769.5432
   151      4.919413e-01          779.4208
   152      4.928143e-01          780.1727
   153      4.929920e-01          755.9423
   154      4.932112e-01          773.6333
   155      4.958279e-01          737.7720
   156      4.976716e-01          763.7862
   157      4.998695e-01          732.5466
   158      5.006802e-01          766.0546
   159      5.023515e-01          748.8798
   160      5.118631e-01          426.0989
   161      5.155722e-01          672.7771
   162      5.226865e-01          660.6547
   163      5.227100e-01          700.3409
   164      5.232030e-01          718.5900
   165      5.230017e-01          707.5855
   166      5.230989e-01          711.1962
   167      5.233514e-01          718.9669
   168      5.233843e-01          715.4755
   169      5.231047e-01          706.6962
   170      5.234017e-01          715.2578
   171      5.232951e-01          710.0911
   172      5.235188e-01          712.5621
   173      5.236129e-01          723.1317
   174      5.233918e-01          704.4785
   175      5.235011e-01          718.4112
   176      5.237170e-01          726.0576
   177      5.235950e-01          725.5247
   178      5.237072e-01          711.6497
   179      5.231363e-01          716.6654
   180      5.236875e-01          716.8687
   181      5.241156e-01          724.8696
   182      5.241712e-01          725.2307
   183      5.241777e-01          728.9415
   184      5.242804e-01          725.5914
   185      5.242976e-01          718.6605
   186      5.237810e-01          715.2689
   187      5.240631e-01          724.7076
   188      5.245836e-01          726.1798
   189      5.249418e-01          718.1453
   190      5.248888e-01          715.6677
   191      5.247333e-01          717.9924
   192      5.245305e-01          715.9999
   193      5.248983e-01          717.5576
   194      5.251936e-01          721.8349
   195      5.253236e-01          724.3220
   196      5.253667e-01          719.6083
   197      5.253610e-01          722.8496
   198      5.253655e-01          724.8981
   199      5.255777e-01          719.3373
------------------------------------------------------------
Summary
------------------------------------------------------------
  Final  ||θ - θ_true||_2  = 5.255777e-01
  Final  log-likelihood   = 719.3373
  Best   log-likelihood   = 789.6755  (epoch 93)
============================================================
