============================================================
gLV AD-EnKF parameter estimation run
============================================================
  data_truth_path   = gLV/data/glv_ahidden0p00_truth.npz
  data_obs_path     = gLV/data/glv_ahidden0p00_obs.npz
  init_theta_scale = 0.8
  lr                = 0.005
  process_std       = 0.0
  N_ens             = 100
  epochs            = 200
  chunk_length      = 10
============================================================
 Epoch    ||θ-θ_true||_2    Log-likelihood
------------------------------------------------------------
     0      3.744836e-01          357.3633
     1      3.744172e-01          627.0636
     2      3.785176e-01          441.6783
     3      3.827528e-01          461.8468
     4      3.847105e-01          478.7718
     5      3.835128e-01          507.4733
     6      3.812737e-01          545.2188
     7      3.780054e-01          547.0032
     8      3.767436e-01          566.9484
     9      3.766362e-01          568.8802
    10      3.771431e-01          562.4963
    11      3.775145e-01          558.1053
    12      3.784676e-01          557.1965
    13      3.792628e-01          549.3594
    14      3.803688e-01          550.6942
    15      3.818799e-01          555.5350
    16      3.826294e-01          540.0667
    17      3.853568e-01          557.9381
    18      3.881696e-01          547.0974
    19      3.901908e-01          546.7367
    20      3.932782e-01          553.3663
    21      3.964629e-01          549.8201
    22      4.004211e-01          552.1792
    23      4.046690e-01          547.4723
    24      4.087209e-01          546.0898
    25      4.131388e-01          547.4207
    26      4.171084e-01          546.9220
    27      4.218440e-01          553.9888
    28      4.270410e-01          545.2277
    29      4.332301e-01          546.9338
    30      4.389696e-01          549.3527
    31      4.432227e-01          539.2352
    32      4.480518e-01          545.0673
    33      4.526961e-01          550.6358
    34      4.611157e-01          551.3692
    35      4.679905e-01          544.3200
    36      4.759110e-01          547.2831
    37      4.830236e-01          550.2573
    38      4.919232e-01          547.0115
    39      4.959838e-01          539.8397
    40      4.971791e-01          637.3802
    41      4.978511e-01          655.7112
    42      4.987085e-01          657.8912
    43      5.000190e-01          658.0085
    44      5.006512e-01          662.3157
    45      5.011545e-01          660.4971
    46      5.026115e-01          662.9267
    47      5.033641e-01          663.8655
    48      5.042365e-01          663.3549
    49      5.045975e-01          663.1554
    50      5.053189e-01          664.5994
    51      5.060161e-01          664.5692
    52      5.062861e-01          664.5349
    53      5.068917e-01          665.0399
    54      5.073549e-01          664.6740
    55      5.076514e-01          666.6324
    56      5.084862e-01          662.4240
    57      5.089986e-01          663.9412
    58      5.100178e-01          662.8560
    59      5.098669e-01          665.1624
    60      5.104198e-01          664.2989
    61      5.108935e-01          663.7347
    62      5.111780e-01          664.3389
    63      5.112255e-01          665.2308
    64      5.111131e-01          667.1572
    65      5.116000e-01          666.9222
    66      5.115883e-01          666.5157
    67      5.120965e-01          667.4261
    68      5.129949e-01          665.1258
    69      5.142887e-01          666.5788
    70      5.149328e-01          665.9630
    71      5.149226e-01          666.0433
    72      5.152476e-01          667.1362
    73      5.149370e-01          667.0513
    74      5.152507e-01          667.7460
    75      5.158631e-01          667.8141
    76      5.165402e-01          667.2838
    77      5.166261e-01          667.9754
    78      5.175060e-01          666.8879
    79      5.180026e-01          666.4487
    80      5.183366e-01          667.4996
    81      5.189311e-01          667.4990
    82      5.196655e-01          668.8342
    83      5.198481e-01          668.0345
    84      5.208415e-01          667.1831
    85      5.215074e-01          666.7900
    86      5.221978e-01          668.0320
    87      5.223522e-01          668.8062
    88      5.223181e-01          668.6060
    89      5.221710e-01          666.3103
    90      5.225967e-01          666.6060
    91      5.235513e-01          668.6815
    92      5.241801e-01          666.4543
    93      5.243942e-01          668.6132
    94      5.249733e-01          667.8582
    95      5.257019e-01          667.0403
    96      5.257524e-01          669.4293
    97      5.263600e-01          667.1810
    98      5.268075e-01          669.0603
    99      5.266021e-01          668.8152
   100      5.273157e-01          669.1862
   101      5.273547e-01          669.5406
   102      5.276181e-01          668.5331
   103      5.283634e-01          669.8486
   104      5.280508e-01          669.2810
   105      5.282243e-01          669.3553
   106      5.292546e-01          669.7394
   107      5.296101e-01          668.8826
   108      5.297921e-01          669.7300
   109      5.299494e-01          669.6198
   110      5.298734e-01          670.5682
   111      5.306248e-01          669.6845
   112      5.311973e-01          668.3985
   113      5.314486e-01          669.8977
   114      5.317403e-01          671.0621
   115      5.318515e-01          669.4333
   116      5.326640e-01          671.0428
   117      5.342837e-01          668.6763
   118      5.342728e-01          669.7833
   119      5.349743e-01          669.0679
   120      5.351469e-01          670.5988
   121      5.347744e-01          671.1035
   122      5.344955e-01          669.6454
   123      5.346854e-01          671.1437
   124      5.357192e-01          672.5062
   125      5.355579e-01          669.0264
   126      5.363995e-01          670.6258
   127      5.362787e-01          671.4402
   128      5.369695e-01          670.5385
   129      5.371382e-01          670.2361
   130      5.373241e-01          671.2880
   131      5.371391e-01          670.3918
   132      5.380697e-01          669.8537
   133      5.388621e-01          668.5779
   134      5.389647e-01          671.7787
   135      5.394163e-01          670.2323
   136      5.397219e-01          670.6519
   137      5.404780e-01          670.9993
   138      5.405462e-01          670.5322
   139      5.407403e-01          671.0234
   140      5.410554e-01          670.5745
   141      5.418043e-01          670.8375
   142      5.423719e-01          671.0479
   143      5.430545e-01          671.5319
   144      5.433688e-01          672.0499
   145      5.434291e-01          670.6740
   146      5.436687e-01          670.2045
   147      5.443918e-01          671.3219
   148      5.440171e-01          672.5554
   149      5.449301e-01          670.8773
   150      5.459744e-01          671.3163
   151      5.456212e-01          671.0579
   152      5.452584e-01          671.5741
   153      5.462461e-01          671.9816
   154      5.466811e-01          672.0540
   155      5.477234e-01          672.6503
   156      5.482090e-01          672.6602
   157      5.485142e-01          672.5731
   158      5.488931e-01          672.5997
   159      5.489528e-01          671.1008
   160      5.492851e-01          672.2596
   161      5.500254e-01          671.8788
   162      5.507803e-01          672.0508
   163      5.513990e-01          672.4050
   164      5.519220e-01          672.1787
   165      5.519086e-01          672.5805
   166      5.522246e-01          673.1440
   167      5.521315e-01          671.6425
   168      5.520784e-01          673.6602
   169      5.522285e-01          670.6190
   170      5.525669e-01          671.5479
   171      5.530831e-01          673.2765
   172      5.531445e-01          672.8602
   173      5.536379e-01          672.2186
   174      5.538654e-01          672.0152
   175      5.542507e-01          672.0076
   176      5.538962e-01          672.5008
   177      5.546055e-01          673.8577
   178      5.550138e-01          672.0740
   179      5.553657e-01          671.5748
   180      5.554268e-01          672.5472
   181      5.560313e-01          670.9457
   182      5.562879e-01          672.5791
   183      5.575104e-01          672.7263
   184      5.579216e-01          672.3479
   185      5.581437e-01          672.5705
   186      5.576903e-01          673.5310
   187      5.582523e-01          673.6288
   188      5.586843e-01          672.0964
   189      5.596585e-01          671.7051
   190      5.601392e-01          671.6670
   191      5.605763e-01          672.2187
   192      5.599979e-01          673.5931
   193      5.602437e-01          671.7668
   194      5.602080e-01          673.0024
   195      5.606863e-01          673.6058
   196      5.609662e-01          672.2398
   197      5.611748e-01          672.9256
   198      5.614871e-01          671.8586
   199      5.619927e-01          673.0185
------------------------------------------------------------
Summary
------------------------------------------------------------
  Final  ||θ - θ_true||_2  = 5.619927e-01
  Final  log-likelihood   = 673.0185
  Best   log-likelihood   = 673.8577  (epoch 177)
============================================================
