============================================================
gLV AD-EnKF parameter estimation run
============================================================
  data_truth_path   = gLV/data/glv_ahidden0p00_truth.npz
  data_obs_path     = gLV/data/glv_ahidden0p00_obs.npz
  init_theta_scale = 0.8
  lr                = 0.005
  process_std       = 0.02
  N_ens             = 50
  epochs            = 200
  chunk_length      = 20
============================================================
 Epoch    ||θ-θ_true||_2    Log-likelihood
------------------------------------------------------------
     0      3.761058e-01          722.7239
     1      3.758118e-01          755.4847
     2      3.742584e-01          743.0287
     3      3.765489e-01          764.4048
     4      3.782045e-01          770.9527
     5      3.827243e-01          769.6443
     6      3.859330e-01          766.7668
     7      3.883226e-01          770.5613
     8      3.950716e-01          764.0424
     9      4.017064e-01          767.7437
    10      4.063586e-01          768.6946
    11      4.102883e-01          753.5566
    12      4.171615e-01          762.3091
    13      4.198280e-01          751.9014
    14      4.018127e-01          664.7378
    15      4.058530e-01          733.4716
    16      4.049579e-01          762.0125
    17      4.062130e-01          773.6342
    18      4.081925e-01          765.7036
    19      4.126213e-01          784.7624
    20      4.163772e-01          768.6124
    21      4.217391e-01          777.3116
    22      4.268738e-01          780.2702
    23      4.306032e-01          760.6123
    24      4.313765e-01          765.4455
    25      4.341283e-01          767.2449
    26      4.373060e-01          757.3857
    27      4.409722e-01          765.7216
    28      4.456959e-01          778.4507
    29      4.511595e-01          763.1390
    30      4.541568e-01          761.9745
    31      4.592266e-01          759.4183
    32      4.613068e-01          747.4598
    33      4.645763e-01          755.6795
    34      4.662170e-01          764.4865
    35      4.724168e-01          755.1481
    36      4.761544e-01          751.7529
    37      4.752440e-01          740.1831
    38      4.804671e-01          754.0688
    39      4.837670e-01          765.7454
    40      4.848864e-01          769.7101
    41      4.855016e-01          768.6840
    42      4.862202e-01          770.4904
    43      4.867520e-01          768.2023
    44      4.872690e-01          761.8136
    45      4.872185e-01          772.1378
    46      4.875304e-01          778.3187
    47      4.881269e-01          769.9708
    48      4.888654e-01          772.7361
    49      4.896552e-01          771.9660
    50      4.899648e-01          768.7698
    51      4.910493e-01          771.8927
    52      4.927751e-01          765.7191
    53      4.940093e-01          761.0737
    54      4.943725e-01          779.7554
    55      4.947723e-01          762.1762
    56      4.960685e-01          776.0945
    57      4.968784e-01          776.0873
    58      4.973750e-01          765.6443
    59      4.974145e-01          768.9171
    60      4.970671e-01          766.1373
    61      4.971247e-01          767.0203
    62      4.960635e-01          759.4641
    63      4.953559e-01          773.8508
    64      4.953851e-01          763.8616
    65      4.962677e-01          768.0148
    66      4.970720e-01          761.2813
    67      4.976353e-01          764.4084
    68      4.979588e-01          770.4677
    69      4.984916e-01          764.3058
    70      4.988444e-01          768.9427
    71      4.990813e-01          764.2811
    72      5.004728e-01          782.4152
    73      5.010769e-01          772.4267
    74      5.013643e-01          766.2910
    75      5.021611e-01          765.1909
    76      5.027137e-01          767.1391
    77      5.025143e-01          757.0797
    78      5.019943e-01          761.9184
    79      5.021158e-01          771.3066
    80      5.025933e-01          775.8621
    81      5.027174e-01          773.2939
    82      5.034189e-01          762.3726
    83      5.039231e-01          767.7918
    84      5.045564e-01          776.0516
    85      5.050763e-01          774.5386
    86      5.084974e-01          450.5340
    87      5.096514e-01          761.2582
    88      5.100406e-01          762.3309
    89      5.089863e-01          757.0679
    90      5.060315e-01          756.3223
    91      5.039155e-01          760.6791
    92      5.044777e-01          717.5363
    93      5.051718e-01          772.6974
    94      5.055320e-01          769.8885
    95      5.053598e-01          771.6021
    96      5.054836e-01          760.0928
    97      5.046359e-01          748.0151
    98      5.064706e-01          640.6602
    99      5.077415e-01          767.5156
   100      5.078333e-01          764.4924
   101      5.080913e-01          777.7051
   102      5.084953e-01          768.9894
   103      5.091178e-01          775.6546
   104      5.096144e-01          764.5850
   105      5.100447e-01          770.2741
   106      5.095582e-01          765.7319
   107      5.093146e-01          773.5094
   108      5.093084e-01          762.0020
   109      5.092248e-01          763.1213
   110      5.097507e-01          760.6239
   111      5.098159e-01          769.4426
   112      5.121758e-01          536.0753
   113      5.140095e-01          765.6522
   114      5.144598e-01          770.0825
   115      5.141283e-01          768.1837
   116      5.143232e-01          771.6695
   117      5.146908e-01          763.3958
   118      5.159867e-01          666.2684
   119      5.163371e-01          735.6477
   120      5.164731e-01          752.7280
   121      5.167472e-01          759.2377
   122      5.167740e-01          765.8126
   123      5.164526e-01          758.3896
   124      5.174917e-01          718.5493
   125      5.185314e-01          740.8682
   126      5.284380e-01         -284.0751
   127      5.319495e-01          462.3250
   128      5.312344e-01          671.0405
   129      5.325027e-01          693.6456
   130      5.336025e-01          722.5451
   131      5.333925e-01          729.7026
   132      5.329359e-01          709.4771
   133      5.329834e-01          715.1777
   134      5.329744e-01          719.3832
   135      5.330135e-01          730.8413
   136      5.330828e-01          724.5046
   137      5.332619e-01          704.8707
   138      5.331460e-01          709.9067
   139      5.331296e-01          732.1774
   140      5.333904e-01          704.6130
   141      5.337462e-01          726.3550
   142      5.337040e-01          704.2153
   143      5.335813e-01          696.4154
   144      5.336534e-01          717.2974
   145      5.337329e-01          726.6151
   146      5.336274e-01          707.8895
   147      5.336764e-01          713.2283
   148      5.337461e-01          727.4564
   149      5.338163e-01          724.5651
   150      5.340041e-01          716.3987
   151      5.340225e-01          709.5997
   152      5.342646e-01          720.7292
   153      5.343695e-01          719.7294
   154      5.345825e-01          738.3032
   155      5.348590e-01          700.7594
   156      5.350232e-01          710.1866
   157      5.351198e-01          720.4350
   158      5.352796e-01          742.0596
   159      5.351261e-01          715.1277
   160      5.347502e-01          703.0750
   161      5.348586e-01          713.8824
   162      5.353631e-01          716.1288
   163      5.353498e-01          717.3955
   164      5.354827e-01          714.4313
   165      5.357910e-01          737.2250
   166      5.360402e-01          728.3036
   167      5.360388e-01          710.5592
   168      5.358903e-01          723.0633
   169      5.362925e-01          710.9153
   170      5.369563e-01          728.9803
   171      5.372053e-01          728.4076
   172      5.369872e-01          714.9719
   173      5.370149e-01          711.6255
   174      5.370894e-01          719.1803
   175      5.372993e-01          741.0585
   176      5.372483e-01          705.4587
   177      5.374228e-01          731.0369
   178      5.375416e-01          720.9460
   179      5.376658e-01          716.9188
   180      5.375898e-01          717.6496
   181      5.376522e-01          720.9623
   182      5.379091e-01          721.6700
   183      5.382453e-01          731.5677
   184      5.382658e-01          725.8731
   185      5.381974e-01          715.7698
   186      5.382607e-01          721.0812
   187      5.382292e-01          701.8316
   188      5.384178e-01          725.4962
   189      5.384808e-01          724.6447
   190      5.386624e-01          718.1052
   191      5.386471e-01          730.0220
   192      5.384719e-01          715.2521
   193      5.382013e-01          700.7511
   194      5.383820e-01          711.6454
   195      5.388774e-01          729.3755
   196      5.387993e-01          718.2617
   197      5.389290e-01          739.8312
   198      5.391492e-01          725.8647
   199      5.391878e-01          727.2928
------------------------------------------------------------
Summary
------------------------------------------------------------
  Final  ||θ - θ_true||_2  = 5.391878e-01
  Final  log-likelihood   = 727.2928
  Best   log-likelihood   = 784.7624  (epoch 19)
============================================================
