============================================================
gLV AD-EnKF parameter estimation run
============================================================
  data_truth_path   = gLV/data/glv_ahidden0p00_truth.npz
  data_obs_path     = gLV/data/glv_ahidden0p00_obs.npz
  init_theta_scale = 0.8
  lr                = 0.02
  process_std       = 0.0
  N_ens             = 50
  epochs            = 200
  chunk_length      = 10
============================================================
 Epoch    ||θ-θ_true||_2    Log-likelihood
------------------------------------------------------------
     0      3.664234e-01        -4027.0544
     1      3.691568e-01         -117.4886
     2      3.841015e-01         -382.6425
     3      3.827049e-01          212.8993
     4      3.727697e-01          527.5856
     5      3.635568e-01          414.4865
     6      3.577856e-01          560.3560
     7      3.509332e-01          539.1550
     8      3.470328e-01          518.5336
     9      3.486739e-01          529.7366
    10      3.483802e-01          518.8083
    11      3.501443e-01          522.3434
    12      3.536693e-01          509.9774
    13      3.572676e-01          524.1162
    14      3.635357e-01          511.7551
    15      3.743936e-01          478.9044
    16      3.890517e-01          454.9033
    17      4.017764e-01          413.9118
    18      4.170710e-01          402.9872
    19      4.301867e-01          372.8400
    20      4.401364e-01          384.8266
    21      4.566550e-01          455.6026
    22      4.710255e-01          446.6131
    23      4.857046e-01          448.4552
    24      5.047536e-01          423.2365
    25      5.294171e-01          411.9568
    26      5.447012e-01          407.2444
    27      5.626625e-01          412.3607
    28      5.932117e-01          412.0568
    29      6.090150e-01          425.3790
    30      6.667638e-01          401.5660
    31      6.181946e-01          314.3116
    32      6.694569e-01          344.2448
    33      6.567187e-01          447.1264
    34      6.631118e-01          394.3221
    35      6.817869e-01          380.3516
    36      6.681803e-01          425.8087
    37      6.832429e-01          411.7498
    38      7.000892e-01          420.0492
    39      7.012616e-01          419.4102
    40      7.004576e-01          566.9761
    41      7.026443e-01          542.7963
    42      7.034249e-01          565.9822
    43      7.035502e-01          568.5680
    44      7.032942e-01          568.2051
    45      7.032644e-01          570.3386
    46      7.032707e-01          571.4399
    47      7.045569e-01          573.3484
    48      7.025076e-01          571.4678
    49      7.051836e-01          569.7441
    50      7.036583e-01          573.7702
    51      7.053450e-01          573.9757
    52      7.065326e-01          574.3319
    53      7.053050e-01          574.7347
    54      7.059724e-01          573.9747
    55      7.060708e-01          574.2433
    56      7.067451e-01          574.3924
    57      7.066504e-01          575.0347
    58      7.059097e-01          575.3733
    59      7.050239e-01          575.4676
    60      7.050852e-01          576.7198
    61      7.068564e-01          575.8761
    62      7.086769e-01          577.9446
    63      7.098132e-01          577.5711
    64      7.112178e-01          577.1714
    65      7.109545e-01          577.3029
    66      7.101539e-01          577.5138
    67      7.110610e-01          577.6605
    68      7.132083e-01          575.5875
    69      7.132928e-01          577.9767
    70      7.122287e-01          577.5317
    71      7.135789e-01          579.0518
    72      7.163239e-01          578.2234
    73      7.164180e-01          574.9160
    74      7.167981e-01          577.3262
    75      7.172620e-01          577.3027
    76      7.169235e-01          576.2054
    77      7.183918e-01          577.3864
    78      7.188711e-01          578.6416
    79      7.202258e-01          580.4704
    80      7.215697e-01          577.4567
    81      7.215243e-01          577.8475
    82      7.207447e-01          579.6094
    83      7.222542e-01          579.1212
    84      7.214453e-01          578.8587
    85      7.232063e-01          580.2170
    86      7.214267e-01          578.8682
    87      7.206824e-01          579.0203
    88      7.243564e-01          580.0135
    89      7.229037e-01          579.7230
    90      7.272391e-01          579.5989
    91      7.219259e-01          577.4109
    92      7.229656e-01          578.3466
    93      7.228876e-01          580.5651
    94      7.238227e-01          581.3861
    95      7.247229e-01          581.9309
    96      7.249427e-01          582.9219
    97      7.254800e-01          581.9565
    98      7.268301e-01          580.5694
    99      7.288033e-01          581.8394
   100      7.301645e-01          581.2279
   101      7.321371e-01          581.6694
   102      7.331147e-01          578.7717
   103      7.342206e-01          582.3068
   104      7.311074e-01          579.3798
   105      7.309687e-01          581.5777
   106      7.318597e-01          583.9111
   107      7.321628e-01          582.4193
   108      7.316973e-01          583.7062
   109      7.324395e-01          583.4360
   110      7.337207e-01          583.2410
   111      7.352914e-01          583.0823
   112      7.365748e-01          581.8534
   113      7.379324e-01          583.5599
   114      7.382311e-01          582.0895
   115      7.359122e-01          584.1264
   116      7.373307e-01          586.0045
   117      7.357465e-01          584.3889
   118      7.402549e-01          583.3885
   119      7.412364e-01          584.6273
   120      7.391474e-01          584.0716
   121      7.426194e-01          586.0585
   122      7.431704e-01          584.2819
   123      7.413747e-01          585.9052
   124      7.406740e-01          586.1036
   125      7.428282e-01          587.7595
   126      7.451700e-01          586.8886
   127      7.458554e-01          586.8008
   128      7.498062e-01          585.8220
   129      7.497655e-01          585.2265
   130      7.483454e-01          586.1805
   131      7.484310e-01          587.1849
   132      7.442759e-01          586.5887
   133      7.462842e-01          589.4555
   134      7.477105e-01          589.8716
   135      7.501754e-01          586.7565
   136      7.514082e-01          586.7751
   137      7.508163e-01          587.6495
   138      7.510875e-01          588.3095
   139      7.520363e-01          589.1343
   140      7.539001e-01          589.1214
   141      7.537754e-01          587.6971
   142      7.526380e-01          590.2490
   143      7.517816e-01          589.1628
   144      7.501485e-01          588.6708
   145      7.540435e-01          591.2841
   146      7.548981e-01          588.1237
   147      7.570558e-01          587.7347
   148      7.509105e-01          589.2897
   149      7.523246e-01          589.7314
   150      7.531571e-01          590.0493
   151      7.504647e-01          588.5978
   152      7.513518e-01          592.5173
   153      7.492437e-01          591.2946
   154      7.533957e-01          590.6578
   155      7.534165e-01          588.8162
   156      7.515866e-01          588.9382
   157      7.558798e-01          589.8615
   158      7.555223e-01          588.0610
   159      7.583882e-01          589.1144
   160      7.591717e-01          587.4967
   161      7.574639e-01          588.3087
   162      7.574392e-01          591.5876
   163      7.554576e-01          590.8896
   164      7.565987e-01          591.3416
   165      7.586464e-01          588.7263
   166      7.582430e-01          590.2148
   167      7.590605e-01          589.8974
   168      7.558393e-01          589.5431
   169      7.586290e-01          591.3693
   170      7.567177e-01          589.3289
   171      7.558675e-01          589.8821
   172      7.614533e-01          590.8753
   173      7.584894e-01          583.9453
   174      7.610455e-01          588.5487
   175      7.549769e-01          586.0291
   176      7.578167e-01          590.4172
   177      7.558742e-01          587.0331
   178      7.575982e-01          591.4797
   179      7.605110e-01          588.3193
   180      7.591965e-01          589.0021
   181      7.557626e-01          590.4839
   182      7.579707e-01          592.2645
   183      7.588533e-01          590.1395
   184      7.607110e-01          590.3859
   185      7.578511e-01          587.7787
   186      7.593688e-01          590.6814
   187      7.612745e-01          589.7952
   188      7.602618e-01          587.8026
   189      7.603763e-01          592.6066
   190      7.594343e-01          591.4508
   191      7.627234e-01          593.1392
   192      7.615903e-01          591.2146
   193      7.630571e-01          592.9156
   194      7.617913e-01          594.0233
   195      7.597132e-01          591.5825
   196      7.601116e-01          591.8047
   197      7.599593e-01          593.5665
   198      7.657492e-01          592.7769
   199      7.636994e-01          589.6725
------------------------------------------------------------
Summary
------------------------------------------------------------
  Final  ||θ - θ_true||_2  = 7.636994e-01
  Final  log-likelihood   = 589.6725
  Best   log-likelihood   = 594.0233  (epoch 194)
============================================================
