============================================================
gLV AD-EnKF parameter estimation run
============================================================
  data_truth_path   = gLV/data/glv_ahidden0p00_truth.npz
  data_obs_path     = gLV/data/glv_ahidden0p00_obs.npz
  init_theta_scale = 0.8
  lr                = 0.01
  process_std       = 0.01
  N_ens             = 100
  epochs            = 200
  chunk_length      = 20
============================================================
 Epoch    ||θ-θ_true||_2    Log-likelihood
------------------------------------------------------------
     0      3.784710e-01          544.8493
     1      3.706051e-01          566.1171
     2      3.692710e-01          707.6277
     3      3.659864e-01          734.7227
     4      3.654032e-01          753.3963
     5      3.673634e-01          748.7225
     6      3.714623e-01          741.2921
     7      3.735445e-01          721.8895
     8      3.708019e-01          679.8231
     9      3.715344e-01          740.8957
    10      3.763948e-01          768.0934
    11      3.724374e-01          772.5042
    12      3.736549e-01          761.0786
    13      3.782726e-01          775.6407
    14      3.804572e-01          769.5378
    15      3.834245e-01          771.8690
    16      3.878492e-01          766.7831
    17      3.925258e-01          766.7126
    18      3.937705e-01          755.8778
    19      4.001734e-01          724.4850
    20      3.986146e-01          774.4890
    21      3.875043e-01          766.5645
    22      3.921459e-01          755.7904
    23      3.988784e-01          743.3788
    24      4.023593e-01          753.1109
    25      4.045842e-01          750.0378
    26      4.093629e-01          767.6612
    27      4.175845e-01          763.5925
    28      4.206106e-01          772.2166
    29      4.277841e-01          775.1960
    30      4.297936e-01          769.5220
    31      4.348034e-01          768.4017
    32      4.343975e-01          762.6987
    33      4.353063e-01          758.3922
    34      4.385273e-01          776.0894
    35      4.351505e-01          763.9203
    36      4.403782e-01          774.5062
    37      4.503238e-01          770.5766
    38      4.598339e-01          763.4845
    39      4.600955e-01          744.4714
    40      4.582956e-01          752.3803
    41      4.584318e-01          773.7690
    42      4.597319e-01          775.5168
    43      4.610885e-01          784.4972
    44      4.630071e-01          785.6628
    45      4.646004e-01          785.8719
    46      4.658978e-01          785.7174
    47      4.657794e-01          778.7914
    48      4.669434e-01          781.4761
    49      4.692068e-01          780.1409
    50      4.709859e-01          785.9081
    51      4.731467e-01          781.0276
    52      4.756152e-01          782.3337
    53      4.774747e-01          777.7937
    54      4.789214e-01          779.1518
    55      4.805304e-01          779.8954
    56      4.780275e-01          777.8121
    57      4.783621e-01          773.8726
    58      4.810721e-01          778.0468
    59      4.820459e-01          775.7265
    60      4.843901e-01          775.6948
    61      4.869137e-01          781.5916
    62      4.884721e-01          779.1911
    63      4.908384e-01          777.9729
    64      4.919643e-01          777.8835
    65      4.923629e-01          771.9590
    66      4.943742e-01          774.8626
    67      4.961895e-01          774.5972
    68      4.966212e-01          778.6775
    69      4.986565e-01          773.0985
    70      4.999423e-01          772.9656
    71      5.023941e-01          775.0864
    72      5.049865e-01          774.5261
    73      5.069228e-01          773.6418
    74      5.097362e-01          769.7890
    75      5.228302e-01          105.1953
    76      5.401942e-01          551.2533
    77      5.363803e-01          614.9975
    78      5.353036e-01          661.6252
    79      5.340510e-01          708.9054
    80      5.346500e-01          710.4752
    81      5.353402e-01          729.4588
    82      5.349847e-01          721.9396
    83      5.353266e-01          714.3091
    84      5.355193e-01          727.0011
    85      5.356214e-01          726.5988
    86      5.363442e-01          723.2379
    87      5.360910e-01          710.0914
    88      5.367075e-01          732.2493
    89      5.372347e-01          723.2499
    90      5.370983e-01          722.0319
    91      5.376036e-01          730.9150
    92      5.379085e-01          730.9830
    93      5.383109e-01          725.8875
    94      5.385553e-01          715.0147
    95      5.384142e-01          722.4489
    96      5.388082e-01          717.9864
    97      5.388538e-01          718.1590
    98      5.390881e-01          726.7365
    99      5.392985e-01          721.9420
   100      5.394695e-01          718.4740
   101      5.395690e-01          734.4746
   102      5.397533e-01          724.6582
   103      5.399921e-01          730.2794
   104      5.399855e-01          725.0826
   105      5.403586e-01          727.3868
   106      5.408636e-01          727.4744
   107      5.409216e-01          709.7306
   108      5.413037e-01          729.3736
   109      5.415465e-01          720.4099
   110      5.418981e-01          729.2579
   111      5.420431e-01          720.1512
   112      5.423306e-01          735.1250
   113      5.424415e-01          711.2615
   114      5.428595e-01          729.6204
   115      5.428867e-01          735.1332
   116      5.431173e-01          727.4921
   117      5.435202e-01          731.1431
   118      5.430288e-01          716.6744
   119      5.431436e-01          726.1088
   120      5.437641e-01          736.6044
   121      5.440804e-01          715.7617
   122      5.446786e-01          738.4702
   123      5.449315e-01          725.2648
   124      5.449390e-01          726.5934
   125      5.450945e-01          721.3483
   126      5.454099e-01          730.4277
   127      5.453399e-01          722.0261
   128      5.454199e-01          721.2999
   129      5.457829e-01          730.9366
   130      5.459544e-01          732.0754
   131      5.460631e-01          731.7636
   132      5.461625e-01          732.5673
   133      5.463346e-01          729.1168
   134      5.467757e-01          722.2634
   135      5.471792e-01          729.2955
   136      5.473834e-01          734.6439
   137      5.475535e-01          732.9220
   138      5.478712e-01          725.7762
   139      5.479451e-01          731.9731
   140      5.481964e-01          719.8326
   141      5.483963e-01          731.9860
   142      5.487673e-01          722.5846
   143      5.489365e-01          736.8080
   144      5.493003e-01          733.9799
   145      5.496644e-01          731.1712
   146      5.496939e-01          726.6967
   147      5.501106e-01          720.6783
   148      5.500883e-01          727.9764
   149      5.503009e-01          731.2076
   150      5.506712e-01          722.3754
   151      5.505930e-01          734.2549
   152      5.507255e-01          734.7750
   153      5.504563e-01          726.5071
   154      5.507160e-01          730.2999
   155      5.514656e-01          734.1910
   156      5.517343e-01          734.4854
   157      5.516786e-01          727.3930
   158      5.519655e-01          728.0223
   159      5.522866e-01          731.3165
   160      5.525510e-01          740.5683
   161      5.525973e-01          730.1857
   162      5.530608e-01          732.8559
   163      5.531065e-01          727.1197
   164      5.533404e-01          743.5665
   165      5.537559e-01          731.9229
   166      5.538958e-01          731.8427
   167      5.542817e-01          738.1103
   168      5.545151e-01          733.0192
   169      5.542583e-01          725.0143
   170      5.545512e-01          732.5245
   171      5.547456e-01          731.4850
   172      5.549325e-01          728.2265
   173      5.554155e-01          739.6429
   174      5.553489e-01          723.2862
   175      5.552989e-01          733.0363
   176      5.555052e-01          742.6710
   177      5.557379e-01          741.4935
   178      5.557649e-01          728.7403
   179      5.557283e-01          734.2426
   180      5.559717e-01          731.1420
   181      5.564671e-01          739.5652
   182      5.566886e-01          739.6605
   183      5.568183e-01          741.6329
   184      5.570415e-01          738.8452
   185      5.571851e-01          731.9824
   186      5.571829e-01          731.0734
   187      5.572129e-01          741.7127
   188      5.576811e-01          733.7739
   189      5.581695e-01          731.2303
   190      5.582852e-01          729.9262
   191      5.583067e-01          731.3834
   192      5.584855e-01          725.8370
   193      5.586587e-01          729.6850
   194      5.589274e-01          731.5071
   195      5.593264e-01          737.6636
   196      5.595314e-01          732.1089
   197      5.597180e-01          734.3738
   198      5.598980e-01          737.8586
   199      5.601025e-01          729.7688
------------------------------------------------------------
Summary
------------------------------------------------------------
  Final  ||θ - θ_true||_2  = 5.601025e-01
  Final  log-likelihood   = 729.7688
  Best   log-likelihood   = 785.9081  (epoch 50)
============================================================
