============================================================
gLV AD-EnKF parameter estimation run
============================================================
  data_truth_path   = gLV/data/glv_ahidden0p00_truth.npz
  data_obs_path     = gLV/data/glv_ahidden0p00_obs.npz
  init_theta_scale = 0.8
  lr                = 0.02
  process_std       = 0.0
  N_ens             = 50
  epochs            = 200
  chunk_length      = 20
============================================================
 Epoch    ||θ-θ_true||_2    Log-likelihood
------------------------------------------------------------
     0      3.736180e-01        -2258.6440
     1      3.606355e-01         -847.8793
     2      3.794012e-01           65.4141
     3      3.841762e-01          -79.7562
     4      3.859526e-01          294.9950
     5      3.834206e-01          466.7370
     6      3.781093e-01          366.7499
     7      3.720979e-01          317.3286
     8      3.656157e-01          328.8336
     9      3.609276e-01          369.5752
    10      3.580674e-01          429.7337
    11      3.563873e-01          481.7205
    12      3.549106e-01          502.3430
    13      3.538518e-01          508.4842
    14      3.550992e-01          500.4240
    15      3.586473e-01          497.7847
    16      3.640032e-01          486.8441
    17      3.694426e-01          461.0175
    18      3.735774e-01          456.9603
    19      3.803838e-01          455.0721
    20      3.871903e-01          480.3637
    21      3.960207e-01          484.3534
    22      4.097902e-01          476.6980
    23      4.254623e-01          480.1945
    24      4.363279e-01          465.4240
    25      4.449484e-01          463.8732
    26      4.622018e-01          479.5620
    27      4.800963e-01          474.3008
    28      4.668413e-01          206.0569
    29      4.771946e-01          231.8963
    30      4.830945e-01          377.6241
    31      4.818402e-01          411.9028
    32      4.787805e-01          382.6918
    33      4.787447e-01          357.0477
    34      4.790232e-01          374.7553
    35      4.801202e-01          409.6351
    36      4.806719e-01          422.8306
    37      4.809780e-01          418.1713
    38      4.814941e-01          425.5682
    39      4.835620e-01          407.3807
    40      4.842758e-01          564.6487
    41      4.838060e-01          631.2524
    42      4.840786e-01          644.3122
    43      4.839709e-01          662.1414
    44      4.839087e-01          655.1179
    45      4.838153e-01          666.5015
    46      4.837418e-01          656.5209
    47      4.840781e-01          650.8973
    48      4.838592e-01          663.5801
    49      4.839942e-01          657.5815
    50      4.841574e-01          652.1505
    51      4.845699e-01          654.7566
    52      4.850397e-01          657.1625
    53      4.854271e-01          663.9680
    54      4.854194e-01          665.0361
    55      4.852791e-01          667.3567
    56      4.854456e-01          671.0910
    57      4.854011e-01          671.3685
    58      4.857386e-01          668.6545
    59      4.860522e-01          663.1078
    60      4.858363e-01          666.4962
    61      4.862909e-01          669.7550
    62      4.865547e-01          669.3826
    63      4.868764e-01          671.5065
    64      4.877646e-01          651.7654
    65      4.882520e-01          670.2799
    66      4.884395e-01          655.1879
    67      4.890153e-01          672.3619
    68      4.890864e-01          669.5741
    69      4.878356e-01          636.2329
    70      4.890533e-01          663.7639
    71      4.893875e-01          662.5679
    72      4.902552e-01          660.3774
    73      4.909341e-01          666.9572
    74      4.917212e-01          661.3340
    75      4.924081e-01          665.2468
    76      4.927021e-01          668.4287
    77      4.934400e-01          665.8860
    78      4.939217e-01          664.0450
    79      4.944705e-01          671.8837
    80      4.947506e-01          671.0690
    81      4.950439e-01          670.4738
    82      4.955882e-01          663.2088
    83      4.958855e-01          674.7713
    84      4.959244e-01          669.8765
    85      4.965167e-01          670.1639
    86      4.966760e-01          671.2582
    87      4.967516e-01          670.2502
    88      4.969564e-01          670.7194
    89      4.870840e-01          593.0760
    90      4.868364e-01          645.7596
    91      4.868453e-01          645.3674
    92      4.878966e-01          645.2877
    93      4.896132e-01          642.9343
    94      4.911649e-01          655.2686
    95      4.924756e-01          663.4774
    96      4.936909e-01          666.1687
    97      4.947440e-01          671.1129
    98      4.961637e-01          666.7116
    99      4.973524e-01          669.4803
   100      4.985688e-01          665.0245
   101      4.995652e-01          669.8303
   102      5.004836e-01          673.8284
   103      5.015149e-01          669.5093
   104      5.021127e-01          670.2615
   105      5.025785e-01          670.9910
   106      5.033472e-01          672.4237
   107      5.038661e-01          672.8970
   108      5.045732e-01          673.5109
   109      5.051007e-01          671.0921
   110      5.059956e-01          669.0051
   111      5.065512e-01          670.4906
   112      5.074368e-01          672.9442
   113      5.082287e-01          673.1480
   114      5.088152e-01          670.8530
   115      5.098395e-01          670.0667
   116      5.104870e-01          671.6166
   117      5.122439e-01          667.5487
   118      5.126928e-01          603.4792
   119      5.143407e-01          673.5235
   120      5.144278e-01          669.0535
   121      5.151749e-01          670.6421
   122      5.164171e-01          672.6398
   123      5.173187e-01          674.1560
   124      5.178359e-01          669.7090
   125      5.187782e-01          674.6400
   126      5.196624e-01          672.9946
   127      5.204654e-01          675.1823
   128      5.212708e-01          673.6513
   129      5.219624e-01          669.7563
   130      5.226432e-01          672.9489
   131      5.236881e-01          671.5416
   132      5.246675e-01          668.4683
   133      5.243714e-01          657.1280
   134      5.250955e-01          675.2461
   135      5.261022e-01          672.8380
   136      5.271682e-01          671.2473
   137      5.283019e-01          671.1423
   138      5.293806e-01          672.9843
   139      5.299972e-01          672.2651
   140      5.312045e-01          670.1317
   141      5.324280e-01          672.1533
   142      5.330720e-01          668.5403
   143      5.339058e-01          672.0096
   144      5.340525e-01          666.6523
   145      5.344390e-01          669.9718
   146      5.351645e-01          667.3880
   147      5.361226e-01          666.4529
   148      5.382222e-01          671.1656
   149      5.396696e-01          669.2108
   150      5.406752e-01          665.9841
   151      5.420753e-01          665.1978
   152      5.427971e-01          666.1276
   153      5.491672e-01          626.9578
   154      5.521128e-01          671.9891
   155      5.524002e-01          665.6304
   156      5.517403e-01          666.4827
   157      5.521463e-01          674.7112
   158      5.515809e-01          670.1008
   159      5.521072e-01          670.7814
   160      5.501078e-01          586.7411
   161      5.495079e-01          675.9308
   162      5.486478e-01          667.9208
   163      5.477476e-01          669.8472
   164      5.454011e-01          667.4973
   165      5.451396e-01          672.6652
   166      5.454466e-01          674.6620
   167      5.451502e-01          667.9238
   168      5.454906e-01          673.8792
   169      5.458667e-01          674.9979
   170      5.463764e-01          673.1652
   171      5.471108e-01          674.8334
   172      5.481094e-01          674.8996
   173      5.490530e-01          673.5397
   174      5.498776e-01          674.6284
   175      5.506622e-01          670.4536
   176      5.516407e-01          672.7368
   177      5.527685e-01          672.9357
   178      5.534777e-01          674.7021
   179      5.545479e-01          672.4970
   180      5.555894e-01          675.3050
   181      5.568001e-01          669.4313
   182      5.579656e-01          672.4833
   183      5.582199e-01          669.0476
   184      5.586767e-01          669.2604
   185      5.816673e-01        -3575.6294
   186      5.890648e-01        -1043.5427
   187      5.842783e-01            1.0930
   188      5.857781e-01          154.3287
   189      5.910152e-01          365.7000
   190      5.920591e-01          380.8581
   191      5.921927e-01          412.1290
   192      5.935717e-01          391.7713
   193      5.953609e-01          414.7507
   194      5.964536e-01          425.8302
   195      5.972353e-01          419.6692
   196      5.985261e-01          409.0256
   197      6.005065e-01          408.8875
   198      6.023162e-01          389.8492
   199      6.031861e-01          419.6268
------------------------------------------------------------
Summary
------------------------------------------------------------
  Final  ||θ - θ_true||_2  = 6.031861e-01
  Final  log-likelihood   = 419.6268
  Best   log-likelihood   = 675.9308  (epoch 161)
============================================================
