============================================================
gLV AD-EnKF parameter estimation run
============================================================
  data_truth_path   = gLV/data/glv_ahidden0p00_truth.npz
  data_obs_path     = gLV/data/glv_ahidden0p00_obs.npz
  init_theta_scale = 0.8
  lr                = 0.01
  process_std       = 0.0
  N_ens             = 50
  epochs            = 200
  chunk_length      = 20
============================================================
 Epoch    ||θ-θ_true||_2    Log-likelihood
------------------------------------------------------------
     0      3.750778e-01         -116.1631
     1      3.761806e-01           97.2069
     2      3.807074e-01        -1156.6401
     3      3.956264e-01          349.2733
     4      3.951995e-01          513.6810
     5      3.921449e-01          561.6667
     6      3.893077e-01          594.1595
     7      3.856170e-01          585.1245
     8      3.834152e-01          614.9474
     9      3.825468e-01          606.3388
    10      3.828063e-01          586.2762
    11      3.845964e-01          604.7123
    12      3.866502e-01          595.9072
    13      3.897246e-01          592.3089
    14      3.940040e-01          579.0712
    15      3.985949e-01          586.1289
    16      4.042723e-01          594.7372
    17      4.105357e-01          588.5799
    18      4.170105e-01          586.4195
    19      4.257527e-01          569.5184
    20      4.350829e-01          587.2853
    21      4.452367e-01          584.8695
    22      4.582913e-01          566.9679
    23      4.727550e-01          572.5952
    24      4.873762e-01          573.6959
    25      5.019211e-01          558.8833
    26      5.204559e-01          555.8385
    27      5.355120e-01          556.1957
    28      5.253893e-01          537.3984
    29      5.272548e-01          529.7542
    30      5.266531e-01          548.8563
    31      5.257260e-01          564.5253
    32      5.249547e-01          581.7255
    33      5.240927e-01          594.9177
    34      5.234327e-01          605.4705
    35      5.241516e-01          614.0106
    36      5.248112e-01          612.5574
    37      5.279418e-01          609.4518
    38      5.310501e-01          623.9281
    39      5.350248e-01          614.6328
    40      5.356260e-01          672.3159
    41      5.356948e-01          670.7358
    42      5.363474e-01          668.3915
    43      5.365174e-01          672.5286
    44      5.367154e-01          672.5214
    45      5.367885e-01          674.0089
    46      5.370114e-01          670.7737
    47      5.375667e-01          665.4293
    48      5.375547e-01          669.5723
    49      5.377348e-01          670.2514
    50      5.381444e-01          667.4638
    51      5.387460e-01          668.3192
    52      5.394282e-01          669.8498
    53      5.397461e-01          665.8451
    54      5.397632e-01          669.0189
    55      5.401405e-01          672.2082
    56      5.397117e-01          660.9834
    57      5.400610e-01          674.9354
    58      5.405458e-01          672.8391
    59      5.408784e-01          666.0959
    60      5.411040e-01          667.4474
    61      5.412046e-01          668.3679
    62      5.410666e-01          665.6923
    63      5.409799e-01          669.0356
    64      5.418440e-01          657.8182
    65      5.417568e-01          668.6412
    66      5.424621e-01          658.7684
    67      5.430264e-01          669.2874
    68      5.429096e-01          667.0440
    69      5.433111e-01          666.0335
    70      5.439565e-01          667.7833
    71      5.445459e-01          666.4213
    72      5.449590e-01          670.2747
    73      5.452696e-01          665.4489
    74      5.457099e-01          666.9875
    75      5.455188e-01          659.6833
    76      5.449066e-01          647.2361
    77      5.448708e-01          671.4490
    78      5.446607e-01          668.5736
    79      5.451919e-01          667.5729
    80      5.457025e-01          672.3370
    81      5.460750e-01          668.5342
    82      5.464499e-01          663.3915
    83      5.455863e-01          661.6902
    84      5.453314e-01          670.4613
    85      5.457858e-01          672.1562
    86      5.458112e-01          669.3112
    87      5.457755e-01          670.9356
    88      5.461025e-01          671.9064
    89      5.451726e-01          667.5681
    90      5.457217e-01          671.4401
    91      5.466146e-01          668.6990
    92      5.470385e-01          672.9362
    93      5.464568e-01          661.3419
    94      5.467153e-01          672.6628
    95      5.464861e-01          669.6440
    96      5.458258e-01          648.9518
    97      5.461724e-01          672.7623
    98      5.469224e-01          669.2286
    99      5.476384e-01          670.0220
   100      5.484871e-01          670.3817
   101      5.490401e-01          671.4970
   102      5.496354e-01          671.4731
   103      5.502239e-01          670.0949
   104      5.500546e-01          669.3834
   105      5.484781e-01          642.5628
   106      5.487790e-01          673.6331
   107      5.496281e-01          673.7719
   108      5.503358e-01          672.8058
   109      5.510002e-01          671.6086
   110      5.517948e-01          669.4421
   111      5.522202e-01          670.5301
   112      5.530370e-01          668.9417
   113      5.536138e-01          674.1404
   114      5.539426e-01          671.5176
   115      5.548783e-01          670.1293
   116      5.553932e-01          673.6150
   117      5.564390e-01          671.2455
   118      5.549735e-01          593.7209
   119      5.549217e-01          672.3153
   120      5.548601e-01          660.9562
   121      5.547797e-01          663.9534
   122      5.550768e-01          669.8279
   123      5.552777e-01          670.6099
   124      5.552379e-01          664.2581
   125      5.554280e-01          672.9391
   126      5.552478e-01          670.6273
   127      5.552481e-01          674.7679
   128      5.553029e-01          671.8585
   129      5.551890e-01          668.6456
   130      5.553359e-01          673.3301
   131      5.557167e-01          671.0019
   132      5.559090e-01          666.4456
   133      5.558928e-01          665.2034
   134      5.560532e-01          673.2137
   135      5.563173e-01          671.9103
   136      5.567867e-01          670.9512
   137      5.570552e-01          669.6182
   138      5.575197e-01          669.4663
   139      5.575424e-01          670.0485
   140      5.582663e-01          662.3865
   141      5.589616e-01          670.5435
   142      5.595232e-01          666.9587
   143      5.601113e-01          672.1893
   144      5.598595e-01          666.1638
   145      5.598206e-01          670.2641
   146      5.597432e-01          667.3324
   147      5.598682e-01          670.2417
   148      5.606579e-01          672.5596
   149      5.611526e-01          671.6569
   150      5.615804e-01          669.0486
   151      5.621665e-01          665.7851
   152      5.624394e-01          672.3300
   153      5.636121e-01          631.5650
   154      5.646712e-01          670.5567
   155      5.652444e-01          667.1003
   156      5.651831e-01          667.0157
   157      5.654274e-01          673.3800
   158      5.652983e-01          669.0074
   159      5.657178e-01          671.6195
   160      5.642856e-01         -250.8932
   161      5.671728e-01          584.4633
   162      5.683966e-01          655.1741
   163      5.701135e-01          626.3621
   164      5.709012e-01          668.7909
   165      5.724753e-01          646.2578
   166      5.728384e-01          666.4574
   167      5.710375e-01          495.8492
   168      5.702612e-01          664.1559
   169      5.699545e-01          659.2531
   170      5.698500e-01          666.8941
   171      5.697535e-01          668.4742
   172      5.697592e-01          670.9514
   173      5.699547e-01          671.3381
   174      5.700396e-01          672.2756
   175      5.700755e-01          668.2075
   176      5.702085e-01          668.4170
   177      5.705047e-01          670.4861
   178      5.703965e-01          672.3795
   179      5.706363e-01          670.3740
   180      5.710755e-01          673.6445
   181      5.716224e-01          664.4114
   182      5.721993e-01          673.9402
   183      5.722021e-01          668.9575
   184      5.722907e-01          669.4645
   185      5.730757e-01          303.3270
   186      5.728273e-01          658.9404
   187      5.730599e-01          667.0994
   188      5.734807e-01          674.4090
   189      5.738077e-01          673.2932
   190      5.686275e-01          609.7571
   191      5.673072e-01          668.7984
   192      5.670756e-01          670.6591
   193      5.672325e-01          673.0997
   194      5.674794e-01          676.1592
   195      5.677029e-01          672.0715
   196      5.678921e-01          675.3451
   197      5.681082e-01          674.1041
   198      5.683831e-01          675.1407
   199      5.686324e-01          677.3126
------------------------------------------------------------
Summary
------------------------------------------------------------
  Final  ||θ - θ_true||_2  = 5.686324e-01
  Final  log-likelihood   = 677.3126
  Best   log-likelihood   = 677.3126  (epoch 199)
============================================================
