============================================================
gLV AD-EnKF parameter estimation run
============================================================
  data_truth_path   = gLV/data/glv_ahidden0p00_truth.npz
  data_obs_path     = gLV/data/glv_ahidden0p00_obs.npz
  init_theta_scale = 0.8
  lr                = 0.01
  process_std       = 0.01
  N_ens             = 100
  epochs            = 200
  chunk_length      = 10
============================================================
 Epoch    ||θ-θ_true||_2    Log-likelihood
------------------------------------------------------------
     0      3.735106e-01          603.0383
     1      3.696925e-01          642.5772
     2      3.627616e-01          709.2881
     3      3.650057e-01          726.3400
     4      3.639329e-01          746.5375
     5      3.656999e-01          748.4661
     6      3.655700e-01          760.5265
     7      3.695163e-01          752.4435
     8      3.729762e-01          756.6429
     9      3.819084e-01          743.2009
    10      3.876149e-01          769.9483
    11      3.841464e-01          766.8076
    12      3.824490e-01          762.3844
    13      3.857022e-01          769.4827
    14      3.843379e-01          769.8066
    15      3.856007e-01          763.2889
    16      3.895178e-01          773.4601
    17      3.970518e-01          775.0983
    18      3.984822e-01          774.9579
    19      3.968175e-01          774.8754
    20      3.996557e-01          769.0214
    21      4.068386e-01          777.6136
    22      4.025712e-01          769.9745
    23      4.079622e-01          771.6608
    24      4.120859e-01          778.6772
    25      4.130015e-01          759.9786
    26      4.147519e-01          777.5434
    27      4.152410e-01          780.3605
    28      4.150826e-01          780.3969
    29      4.283430e-01          769.1649
    30      4.361396e-01          778.4982
    31      4.374712e-01          770.5742
    32      4.333361e-01          781.7930
    33      4.267612e-01          776.4148
    34      4.359458e-01          763.7173
    35      4.427179e-01          773.7272
    36      4.436423e-01          781.9668
    37      4.490291e-01          777.6429
    38      4.448485e-01          782.5020
    39      4.468066e-01          778.9717
    40      4.491266e-01          783.3091
    41      4.471907e-01          790.9462
    42      4.473017e-01          788.3479
    43      4.476727e-01          792.6027
    44      4.472700e-01          796.1054
    45      4.472457e-01          798.3121
    46      4.466428e-01          796.3721
    47      4.463251e-01          796.2146
    48      4.462850e-01          796.5703
    49      4.470530e-01          794.2971
    50      4.472379e-01          797.5875
    51      4.483095e-01          793.9363
    52      4.483876e-01          793.2089
    53      4.492081e-01          790.5061
    54      4.495208e-01          791.9421
    55      4.501638e-01          793.5796
    56      4.498700e-01          794.7634
    57      4.498983e-01          791.6204
    58      4.505209e-01          796.2999
    59      4.508163e-01          791.9604
    60      4.518895e-01          794.1351
    61      4.522115e-01          793.5949
    62      4.533747e-01          797.1182
    63      4.539813e-01          791.5029
    64      4.550696e-01          794.7776
    65      4.559777e-01          792.2743
    66      4.565382e-01          791.2693
    67      4.581380e-01          786.9559
    68      4.582429e-01          795.4166
    69      4.590391e-01          789.3792
    70      4.600362e-01          787.7408
    71      4.610658e-01          790.1866
    72      4.624476e-01          787.9335
    73      4.632429e-01          790.8694
    74      4.649816e-01          788.8311
    75      4.664004e-01          787.3405
    76      4.675820e-01          786.4196
    77      4.688284e-01          787.3655
    78      4.697589e-01          784.6163
    79      4.701952e-01          785.5256
    80      4.718343e-01          783.2134
    81      4.725583e-01          777.9067
    82      4.733129e-01          776.7916
    83      4.738266e-01          784.9502
    84      4.740650e-01          786.4501
    85      4.749869e-01          787.6155
    86      4.760352e-01          785.5182
    87      4.769500e-01          782.4430
    88      4.775426e-01          777.3510
    89      4.789372e-01          787.9025
    90      4.801739e-01          779.7274
    91      4.814931e-01          784.1271
    92      4.827495e-01          786.8217
    93      4.841607e-01          788.3257
    94      4.853344e-01          785.5754
    95      4.857703e-01          785.7850
    96      4.868326e-01          776.7964
    97      4.878038e-01          779.3342
    98      4.885949e-01          783.7509
    99      4.899974e-01          771.7085
   100      4.903672e-01          775.0294
   101      4.913511e-01          781.9440
   102      4.924490e-01          783.4144
   103      4.941394e-01          782.1009
   104      4.947739e-01          780.4604
   105      4.960862e-01          778.5095
   106      4.973308e-01          775.3895
   107      4.982200e-01          777.3789
   108      4.994456e-01          772.8369
   109      5.008830e-01          779.8711
   110      5.022979e-01          783.9443
   111      5.036338e-01          777.0354
   112      5.048677e-01          779.6236
   113      5.058625e-01          777.2220
   114      5.073087e-01          776.9242
   115      5.079179e-01          772.4641
   116      5.094431e-01          779.8697
   117      5.102665e-01          776.5121
   118      5.117927e-01          777.1612
   119      5.135221e-01          774.5062
   120      5.138546e-01          779.3724
   121      5.154009e-01          767.7552
   122      5.164039e-01          779.6682
   123      5.182109e-01          772.7871
   124      5.189990e-01          769.7766
   125      5.207124e-01          775.3706
   126      5.218530e-01          772.7053
   127      5.224926e-01          770.1755
   128      5.237509e-01          771.2993
   129      5.250481e-01          776.0798
   130      5.264610e-01          769.9744
   131      5.274544e-01          768.4545
   132      5.280238e-01          776.3393
   133      5.294513e-01          772.2573
   134      5.305907e-01          767.6373
   135      5.308213e-01          768.2225
   136      5.322835e-01          775.7733
   137      5.336854e-01          776.7552
   138      5.353222e-01          776.7177
   139      5.371227e-01          768.9520
   140      5.382133e-01          763.4094
   141      5.391877e-01          772.5594
   142      5.401877e-01          765.4384
   143      5.408043e-01          775.5882
   144      5.423123e-01          773.4080
   145      5.428897e-01          766.4883
   146      5.446333e-01          770.3181
   147      5.445897e-01          763.8924
   148      5.456193e-01          771.1279
   149      5.464165e-01          765.9214
   150      5.470009e-01          764.4030
   151      5.477639e-01          773.7993
   152      5.487438e-01          771.9714
   153      5.494428e-01          771.3597
   154      5.499673e-01          767.7808
   155      5.506717e-01          766.9510
   156      5.515391e-01          770.0854
   157      5.517541e-01          768.8051
   158      5.527703e-01          765.0759
   159      5.537862e-01          769.2988
   160      5.547523e-01          772.8235
   161      5.553930e-01          775.0476
   162      5.567080e-01          768.8099
   163      5.576301e-01          764.6597
   164      5.586165e-01          771.1119
   165      5.593193e-01          769.0529
   166      5.602294e-01          775.1634
   167      5.608820e-01          761.4266
   168      5.622405e-01          766.6564
   169      5.631434e-01          761.6746
   170      5.640652e-01          773.6288
   171      5.644906e-01          766.9935
   172      5.653864e-01          764.0270
   173      5.658712e-01          776.3189
   174      5.663217e-01          759.7619
   175      5.672799e-01          766.2538
   176      5.677641e-01          768.4926
   177      5.685198e-01          772.8342
   178      5.694504e-01          766.4163
   179      5.704440e-01          766.8001
   180      5.713325e-01          769.6181
   181      5.725756e-01          770.0549
   182      5.732462e-01          769.6362
   183      5.745589e-01          771.0409
   184      5.750343e-01          758.7678
   185      5.760694e-01          764.0821
   186      5.765684e-01          762.5261
   187      5.773425e-01          770.3788
   188      5.779428e-01          761.0892
   189      5.787635e-01          766.3217
   190      5.794353e-01          762.2515
   191      5.797288e-01          761.9551
   192      5.810085e-01          751.2932
   193      5.811750e-01          761.8558
   194      5.819296e-01          763.3793
   195      5.825733e-01          767.0905
   196      5.832325e-01          758.8752
   197      5.842528e-01          759.2849
   198      5.850989e-01          766.2404
   199      5.861965e-01          760.0997
------------------------------------------------------------
Summary
------------------------------------------------------------
  Final  ||θ - θ_true||_2  = 5.861965e-01
  Final  log-likelihood   = 760.0997
  Best   log-likelihood   = 798.3121  (epoch 45)
============================================================
