============================================================
gLV AD-EnKF parameter estimation run
============================================================
  data_truth_path   = gLV/data_no_noise/glv_ahidden0p00_truth.npz
  data_obs_path     = gLV/data_no_noise/glv_ahidden0p00_obs.npz
  init_theta_scale = 0.8
  lr                = 0.01
  process_std       = 0.01
  N_ens             = 300
  epochs            = 10
  chunk_length      = 20
============================================================
 Epoch    ||θ-θ_true||_2    Log-likelihood     tr(C_ens)   min_std_dim
------------------------------------------------------------
     0      3.825647e-01          712.6811    3.7806e-03    1.5513e-02
     1      3.719583e-01          726.9057    3.4971e-03    1.7232e-02
     2      3.739958e-01          861.9493    6.1563e-03    1.6689e-02
     3      3.695233e-01          886.7298    6.5819e-03    1.4320e-02
     4      3.679538e-01          878.8658    9.4409e-03    1.2774e-02
     5      3.685759e-01          822.4214    8.1876e-03    1.3133e-02
     6      3.662875e-01          835.8801    4.1139e-03    1.8398e-02
     7      3.702161e-01          872.6757    8.6444e-03    1.3295e-02
     8      3.714966e-01          887.1882    7.3708e-03    1.6148e-02
     9      3.728576e-01          778.5924    1.3257e-02    1.1425e-02
------------------------------------------------------------
Summary
------------------------------------------------------------
  Final  ||θ - θ_true||_2  = 3.728576e-01
  Final  log-likelihood   = 778.5924
  Best   log-likelihood   = 887.1882  (epoch 8)
  Ensemble spread (collapse check):
    Final  tr(C_ens)     = 1.325749e-02
    Final  min_std_dim   = 1.142547e-02
    Minimum min_std_dim  = 1.142547e-02  (over all epochs)
============================================================
