============================================================
gLV AD-EnKF parameter estimation run
============================================================
  data_truth_path   = gLV/data/glv_ahidden0p00_truth.npz
  data_obs_path     = gLV/data/glv_ahidden0p00_obs.npz
  init_theta_scale = 0.8
  lr                = 0.005
  process_std       = 0.02
  N_ens             = 100
  epochs            = 200
  chunk_length      = 10
============================================================
 Epoch    ||θ-θ_true||_2    Log-likelihood
------------------------------------------------------------
     0      3.758068e-01          710.3297
     1      3.760399e-01          751.4781
     2      3.786156e-01          752.5769
     3      3.830332e-01          758.8705
     4      3.865217e-01          764.3619
     5      3.903480e-01          768.7249
     6      3.901494e-01          762.0038
     7      3.894199e-01          778.0182
     8      3.936501e-01          767.8457
     9      3.967982e-01          778.1526
    10      3.960234e-01          779.0418
    11      4.021433e-01          777.0387
    12      4.014973e-01          779.4807
    13      4.083049e-01          782.4671
    14      4.093371e-01          782.8489
    15      4.129072e-01          781.5220
    16      4.209693e-01          787.7971
    17      4.320146e-01          783.9593
    18      4.346454e-01          777.7313
    19      4.335342e-01          778.0822
    20      4.469270e-01          779.1769
    21      4.438034e-01          787.5903
    22      4.532524e-01          780.8271
    23      4.784477e-01          780.9279
    24      4.675286e-01          782.5396
    25      4.864250e-01          766.3328
    26      4.885606e-01          780.8690
    27      4.988925e-01          777.2983
    28      5.127438e-01          776.5249
    29      5.299661e-01          778.5237
    30      5.309917e-01          777.1804
    31      5.429253e-01          773.5649
    32      5.398844e-01          774.6319
    33      5.431143e-01          781.4608
    34      5.480426e-01          786.6293
    35      5.530941e-01          776.7782
    36      5.638919e-01          779.3042
    37      5.651105e-01          781.6369
    38      5.707229e-01          784.7887
    39      5.750884e-01          772.0031
    40      5.756353e-01          785.8373
    41      5.764861e-01          796.6135
    42      5.770577e-01          790.9951
    43      5.788311e-01          795.6654
    44      5.797626e-01          796.7087
    45      5.804642e-01          799.7723
    46      5.810289e-01          797.7957
    47      5.816062e-01          795.5182
    48      5.821283e-01          797.5640
    49      5.832303e-01          795.2059
    50      5.845537e-01          798.4818
    51      5.861278e-01          791.3943
    52      5.872996e-01          795.3249
    53      5.883496e-01          791.3071
    54      5.893739e-01          793.3571
    55      5.898980e-01          794.1577
    56      5.949780e-01          788.5074
    57      5.961015e-01          792.8784
    58      5.968500e-01          794.8176
    59      5.976737e-01          794.0650
    60      5.983775e-01          795.3234
    61      5.990462e-01          793.5039
    62      5.999099e-01          793.6790
    63      6.005921e-01          790.5606
    64      6.006343e-01          796.7186
    65      6.013275e-01          795.4978
    66      6.017908e-01          793.7251
    67      6.021477e-01          792.7333
    68      6.036466e-01          794.0078
    69      6.040956e-01          794.1520
    70      6.045856e-01          794.1385
    71      6.061741e-01          795.3011
    72      6.076481e-01          789.5714
    73      6.086326e-01          795.5002
    74      6.091827e-01          796.0801
    75      6.157079e-01          780.3181
    76      6.166232e-01          794.3461
    77      6.164609e-01          794.0012
    78      6.159677e-01          794.8898
    79      6.161678e-01          789.8208
    80      6.164259e-01          795.8604
    81      6.164942e-01          792.7378
    82      6.167536e-01          791.5956
    83      6.173222e-01          795.8273
    84      6.171752e-01          798.5787
    85      6.172873e-01          795.7411
    86      6.182275e-01          792.1089
    87      6.205871e-01          786.3929
    88      6.211908e-01          794.4368
    89      6.224451e-01          789.9283
    90      6.226391e-01          795.8287
    91      6.227117e-01          793.6879
    92      6.232956e-01          795.3932
    93      6.239312e-01          800.4982
    94      6.241336e-01          793.2766
    95      6.255422e-01          796.4078
    96      6.256352e-01          792.0158
    97      6.260589e-01          793.4573
    98      6.262538e-01          797.1031
    99      6.266119e-01          795.1903
   100      6.268325e-01          793.7335
   101      6.270844e-01          795.2147
   102      6.276304e-01          792.8843
   103      6.284066e-01          794.2365
   104      6.287822e-01          794.5605
   105      6.294997e-01          789.9961
   106      6.301490e-01          792.6938
   107      6.310772e-01          791.2793
   108      6.314616e-01          794.3020
   109      6.321844e-01          797.3940
   110      6.325240e-01          799.5900
   111      6.327249e-01          794.4083
   112      6.331737e-01          795.2427
   113      6.339543e-01          795.3330
   114      6.348682e-01          790.9784
   115      6.359854e-01          791.1477
   116      6.367649e-01          794.9455
   117      6.393222e-01          780.1561
   118      6.400167e-01          792.9225
   119      6.407571e-01          795.0181
   120      6.418983e-01          797.7950
   121      6.425042e-01          790.3925
   122      6.431204e-01          797.4735
   123      6.441311e-01          795.7945
   124      6.445370e-01          793.5455
   125      6.450189e-01          791.9051
   126      6.455246e-01          795.3008
   127      6.461068e-01          790.7214
   128      6.479546e-01          792.1455
   129      6.490907e-01          788.4754
   130      6.494693e-01          792.0861
   131      6.502851e-01          793.6622
   132      6.509876e-01          794.5234
   133      6.514328e-01          793.9362
   134      6.518484e-01          790.3818
   135      6.523423e-01          791.3279
   136      6.527655e-01          796.2693
   137      6.531882e-01          798.3527
   138      6.543221e-01          792.7375
   139      6.547807e-01          797.0632
   140      6.550346e-01          795.5974
   141      6.554063e-01          798.9853
   142      6.558846e-01          798.2485
   143      6.561849e-01          796.6730
   144      6.567193e-01          796.1816
   145      6.575460e-01          791.3646
   146      6.576577e-01          796.1077
   147      6.579222e-01          796.1399
   148      6.584051e-01          795.3730
   149      6.589486e-01          795.4802
   150      6.608030e-01          793.1578
   151      6.612644e-01          798.9780
   152      6.615446e-01          797.3901
   153      6.624025e-01          793.2369
   154      6.627854e-01          791.4192
   155      6.637083e-01          795.7541
   156      6.647612e-01          792.3593
   157      6.653533e-01          797.1214
   158      6.659490e-01          792.4246
   159      6.666732e-01          794.3624
   160      6.680787e-01          797.1702
   161      6.686566e-01          797.3600
   162      6.691633e-01          792.7949
   163      6.697570e-01          794.3031
   164      6.702390e-01          800.9441
   165      6.709443e-01          789.8341
   166      6.727558e-01          795.3582
   167      6.732559e-01          792.4173
   168      6.737702e-01          795.2504
   169      6.742612e-01          794.7021
   170      6.773357e-01          787.4619
   171      6.785310e-01          789.1891
   172      6.797082e-01          791.7230
   173      6.807163e-01          797.2796
   174      6.811051e-01          793.6813
   175      6.816270e-01          795.0778
   176      6.820962e-01          793.3699
   177      6.838845e-01          792.6885
   178      6.848444e-01          798.9290
   179      6.852263e-01          796.2904
   180      6.859508e-01          797.1552
   181      6.866172e-01          794.7873
   182      6.869944e-01          789.3536
   183      6.872295e-01          796.7634
   184      6.876777e-01          790.1178
   185      6.886926e-01          792.8604
   186      6.889464e-01          793.7594
   187      6.900184e-01          788.4838
   188      6.906837e-01          795.7510
   189      6.916541e-01          791.1722
   190      6.938655e-01          780.6827
   191      6.944888e-01          792.3619
   192      6.963189e-01          787.3898
   193      6.974007e-01          792.0815
   194      6.979410e-01          792.1192
   195      6.994250e-01          793.8612
   196      7.003505e-01          789.8915
   197      7.008818e-01          794.7411
   198      7.010509e-01          796.0901
   199      7.017648e-01          795.6729
------------------------------------------------------------
Summary
------------------------------------------------------------
  Final  ||θ - θ_true||_2  = 7.017648e-01
  Final  log-likelihood   = 795.6729
  Best   log-likelihood   = 800.9441  (epoch 164)
============================================================
