============================================================
gLV AD-EnKF parameter estimation run
============================================================
  data_truth_path   = gLV/data/glv_ahidden0p00_truth.npz
  data_obs_path     = gLV/data/glv_ahidden0p00_obs.npz
  init_theta_scale = 0.8
  lr                = 0.01
  process_std       = 0.02
  N_ens             = 100
  epochs            = 200
  chunk_length      = 20
============================================================
 Epoch    ||θ-θ_true||_2    Log-likelihood
------------------------------------------------------------
     0      3.781608e-01          682.9872
     1      3.778792e-01          690.7720
     2      3.754970e-01          752.1049
     3      3.786506e-01          772.0468
     4      3.817020e-01          773.9047
     5      3.855481e-01          774.6387
     6      3.918246e-01          772.2158
     7      3.941790e-01          761.4019
     8      3.882692e-01          724.7476
     9      3.850150e-01          766.4391
    10      3.734690e-01          769.8207
    11      3.767332e-01          775.0888
    12      3.785756e-01          776.8637
    13      3.841595e-01          786.2953
    14      3.901956e-01          774.7426
    15      3.996871e-01          754.6906
    16      4.102497e-01          743.0373
    17      4.142568e-01          760.1646
    18      4.174314e-01          761.4290
    19      4.271783e-01          745.9839
    20      4.310842e-01          765.1172
    21      4.444423e-01          741.4452
    22      4.556109e-01          715.5660
    23      4.596955e-01          686.5429
    24      4.453362e-01          715.5250
    25      4.522651e-01          748.5884
    26      4.527878e-01          747.2977
    27      4.572805e-01          750.3335
    28      4.642192e-01          758.4631
    29      4.702535e-01          752.6089
    30      4.766812e-01          745.1931
    31      4.818831e-01          741.6064
    32      4.869352e-01          742.7286
    33      4.871575e-01          738.0264
    34      4.918073e-01          747.9963
    35      4.965307e-01          737.2823
    36      5.050121e-01          750.5887
    37      5.136050e-01          746.7264
    38      5.091968e-01          715.1555
    39      5.034153e-01          724.1530
    40      5.061444e-01          753.9483
    41      5.078747e-01          755.3389
    42      5.089363e-01          754.7725
    43      5.099686e-01          754.8439
    44      5.116541e-01          758.7369
    45      5.134222e-01          762.9383
    46      5.145199e-01          759.2208
    47      5.156845e-01          751.9090
    48      5.184658e-01          756.9877
    49      5.206716e-01          756.5540
    50      5.235620e-01          754.9575
    51      5.266368e-01          754.7993
    52      5.284185e-01          747.3460
    53      5.293311e-01          737.6691
    54      5.306622e-01          747.6312
    55      5.327783e-01          743.0605
    56      5.329832e-01          747.5436
    57      5.347418e-01          739.6686
    58      5.362143e-01          747.9139
    59      5.365325e-01          743.9997
    60      5.380160e-01          736.8098
    61      5.387691e-01          744.7101
    62      5.405113e-01          733.6910
    63      5.409220e-01          746.0699
    64      5.409689e-01          739.3835
    65      5.416424e-01          739.1415
    66      5.428629e-01          741.1387
    67      5.442565e-01          738.2342
    68      5.466733e-01          745.5273
    69      5.488610e-01          731.8052
    70      5.498743e-01          728.8059
    71      5.518051e-01          733.9528
    72      5.536308e-01          743.6435
    73      5.540875e-01          734.7932
    74      5.547221e-01          727.9724
    75      5.547110e-01          725.2757
    76      5.535919e-01          719.9326
    77      5.549158e-01          731.7731
    78      5.551085e-01          732.9475
    79      5.551062e-01          739.4536
    80      5.554440e-01          731.3387
    81      5.558053e-01          733.3658
    82      5.563208e-01          730.6121
    83      5.566937e-01          723.8448
    84      5.564756e-01          734.9863
    85      5.570719e-01          743.2112
    86      5.577516e-01          734.4899
    87      5.571494e-01          719.9031
    88      5.576712e-01          736.3531
    89      5.589381e-01          736.0816
    90      5.599617e-01          733.9172
    91      5.612044e-01          741.5283
    92      5.619261e-01          736.6087
    93      5.627321e-01          738.4353
    94      5.637213e-01          722.5049
    95      5.637566e-01          731.4764
    96      5.642980e-01          725.4236
    97      5.642538e-01          727.6276
    98      5.647479e-01          742.3814
    99      5.652310e-01          735.2307
   100      5.648789e-01          722.6669
   101      5.648699e-01          739.7830
   102      5.650111e-01          733.9655
   103      5.655153e-01          736.9537
   104      5.659725e-01          740.8608
   105      5.665759e-01          735.3581
   106      5.671789e-01          732.5898
   107      5.673133e-01          717.7650
   108      5.680172e-01          736.4713
   109      5.690433e-01          726.9730
   110      5.698326e-01          735.5236
   111      5.701976e-01          730.2585
   112      5.706906e-01          740.3242
   113      5.710944e-01          725.1785
   114      5.714697e-01          735.8338
   115      5.715342e-01          742.9033
   116      5.717613e-01          733.9805
   117      5.724015e-01          734.2499
   118      5.724703e-01          723.0505
   119      5.731999e-01          733.6705
   120      5.746231e-01          741.1235
   121      5.753666e-01          723.2308
   122      5.759349e-01          742.6607
   123      5.764249e-01          730.8297
   124      5.766590e-01          729.3272
   125      5.770736e-01          733.8575
   126      5.775873e-01          733.0483
   127      5.779152e-01          728.6556
   128      5.782028e-01          730.4485
   129      5.787273e-01          738.9271
   130      5.792452e-01          739.5699
   131      5.796456e-01          733.7983
   132      5.797496e-01          736.9887
   133      5.800646e-01          731.5023
   134      5.807690e-01          729.5071
   135      5.815530e-01          736.3085
   136      5.821866e-01          736.8823
   137      5.825810e-01          741.7676
   138      5.831284e-01          735.3895
   139      5.836161e-01          737.6777
   140      5.839713e-01          725.4383
   141      5.845125e-01          739.3655
   142      5.850447e-01          727.2354
   143      5.855798e-01          739.1755
   144      5.860772e-01          739.6064
   145      5.866081e-01          735.1272
   146      5.869700e-01          728.6489
   147      5.873669e-01          723.7582
   148      5.875527e-01          730.8917
   149      5.880377e-01          731.3399
   150      5.883214e-01          721.9607
   151      5.883460e-01          737.4484
   152      5.890669e-01          739.9842
   153      5.894729e-01          732.4870
   154      5.900225e-01          740.7546
   155      5.908660e-01          739.1323
   156      5.914383e-01          741.7349
   157      5.913981e-01          731.1742
   158      5.918220e-01          735.4388
   159      5.927538e-01          736.9093
   160      5.933487e-01          739.8771
   161      5.935030e-01          734.1724
   162      5.945281e-01          740.8066
   163      5.948146e-01          726.1863
   164      5.953240e-01          748.1172
   165      5.960874e-01          738.9198
   166      5.966727e-01          736.6556
   167      5.974194e-01          739.1739
   168      5.978665e-01          734.1003
   169      5.981340e-01          724.3266
   170      5.988446e-01          738.8470
   171      5.994167e-01          737.5723
   172      5.998382e-01          729.5533
   173      6.003184e-01          745.3240
   174      6.001570e-01          725.0984
   175      6.002457e-01          737.2640
   176      6.006663e-01          747.6400
   177      6.013342e-01          745.6545
   178      6.016302e-01          733.2225
   179      6.020608e-01          742.3108
   180      6.024614e-01          736.9761
   181      6.034084e-01          741.7101
   182      6.038856e-01          744.5594
   183      6.043779e-01          742.9775
   184      6.049412e-01          739.6978
   185      6.051525e-01          733.8395
   186      6.056973e-01          733.6677
   187      6.060596e-01          748.0793
   188      6.064388e-01          733.6267
   189      6.070751e-01          737.6451
   190      6.072587e-01          737.6090
   191      6.074776e-01          736.8010
   192      6.079308e-01          728.0176
   193      6.085829e-01          732.4111
   194      6.090473e-01          737.0448
   195      6.097317e-01          743.3170
   196      6.103755e-01          735.2820
   197      6.107721e-01          735.9879
   198      6.114193e-01          739.4262
   199      6.120449e-01          738.3893
------------------------------------------------------------
Summary
------------------------------------------------------------
  Final  ||θ - θ_true||_2  = 6.120449e-01
  Final  log-likelihood   = 738.3893
  Best   log-likelihood   = 786.2953  (epoch 13)
============================================================
