============================================================
gLV AD-EnKF parameter estimation run
============================================================
  data_truth_path   = gLV/data/glv_ahidden0p00_truth.npz
  data_obs_path     = gLV/data/glv_ahidden0p00_obs.npz
  init_theta_scale = 0.8
  lr                = 0.02
  process_std       = 0.0
  N_ens             = 100
  epochs            = 200
  chunk_length      = 20
============================================================
 Epoch    ||θ-θ_true||_2    Log-likelihood
------------------------------------------------------------
     0      3.737969e-01        -2263.7861
     1      3.647709e-01         -908.3306
     2      3.878399e-01         -187.9274
     3      4.041267e-01           -4.4197
     4      4.094026e-01          176.9555
     5      4.058170e-01          437.4755
     6      3.995954e-01          340.0580
     7      3.904362e-01          275.7618
     8      3.807127e-01          316.5999
     9      3.729400e-01          412.5222
    10      3.678463e-01          490.6488
    11      3.648330e-01          504.1706
    12      3.631869e-01          507.2802
    13      3.620203e-01          512.4813
    14      3.612519e-01          509.9352
    15      3.613596e-01          483.1777
    16      3.617477e-01          492.2776
    17      3.649026e-01          472.2259
    18      3.687784e-01          463.3725
    19      3.740991e-01          456.4902
    20      3.807007e-01          455.6129
    21      3.881570e-01          469.9698
    22      3.976722e-01          470.0812
    23      4.091731e-01          478.9482
    24      4.235253e-01          487.2833
    25      4.385327e-01          478.3073
    26      4.585100e-01          487.8327
    27      4.755393e-01          471.0839
    28      4.929546e-01          467.4323
    29      5.202885e-01          489.4601
    30      7.083012e-01        -2966.0918
    31      8.487997e-01        -2294.5784
    32      8.690321e-01        -2349.5815
    33      9.047978e-01        -1015.8140
    34      9.025300e-01         -914.1347
    35      9.126496e-01         -359.7583
    36      9.118769e-01         -186.7427
    37      9.186322e-01         -216.4554
    38      9.205376e-01         -294.5992
    39      9.229622e-01         -240.4995
    40      9.230598e-01          -78.7405
    41      9.222469e-01           54.8181
    42      9.221866e-01          154.2233
    43      9.225169e-01          124.6813
    44      9.228386e-01          123.5678
    45      9.228704e-01          136.8676
    46      9.229040e-01          130.3010
    47      9.231479e-01          120.6987
    48      9.236932e-01          132.7533
    49      9.242688e-01          132.1225
    50      9.245062e-01          120.3692
    51      9.246270e-01          133.2893
    52      9.246951e-01          125.4587
    53      9.248946e-01          128.3091
    54      9.249984e-01          122.8975
    55      9.253053e-01          126.5009
    56      9.255990e-01          135.1424
    57      9.257017e-01          120.1527
    58      9.255340e-01          107.2390
    59      9.258127e-01          121.4574
    60      9.263637e-01          123.6995
    61      9.267954e-01          130.3143
    62      9.269478e-01          138.5033
    63      9.270540e-01          126.9806
    64      9.271939e-01          126.5197
    65      9.271858e-01          146.2558
    66      9.273860e-01          144.5714
    67      9.276460e-01          137.7904
    68      9.278612e-01          140.5744
    69      9.278238e-01          118.3800
    70      9.279096e-01          140.8714
    71      9.281564e-01          121.1797
    72      9.282705e-01          136.2866
    73      9.284874e-01          138.0125
    74      9.286167e-01          132.3090
    75      9.286380e-01          134.5030
    76      9.287411e-01          147.9327
    77      9.287904e-01          149.7980
    78      9.288956e-01          141.9358
    79      9.289942e-01          144.1248
    80      9.292668e-01          129.9491
    81      9.294246e-01          140.2516
    82      9.295624e-01          144.8241
    83      9.298167e-01          137.2996
    84      9.300849e-01          116.3870
    85      9.303153e-01          156.1911
    86      9.304529e-01          148.4067
    87      9.308659e-01          144.2223
    88      9.310398e-01          123.2072
    89      9.311539e-01          146.9414
    90      9.312935e-01          140.4895
    91      9.314132e-01          141.7935
    92      9.316809e-01          142.9248
    93      9.318085e-01          138.5000
    94      9.318829e-01          137.1254
    95      9.322312e-01          138.0776
    96      9.323561e-01          154.5360
    97      9.323997e-01          122.4362
    98      9.324683e-01          128.5213
    99      9.326377e-01          143.3824
   100      9.327605e-01          125.9320
   101      9.329715e-01          176.3269
   102      9.330955e-01          162.1351
   103      9.331850e-01          131.2698
   104      9.333665e-01          137.8230
   105      9.334328e-01          134.6700
   106      9.334816e-01          151.5547
   107      9.334258e-01          138.0897
   108      9.335660e-01          141.2396
   109      9.335087e-01          140.4243
   110      9.338400e-01          151.5027
   111      9.339007e-01          130.7296
   112      9.340180e-01          148.8150
   113      9.340912e-01          148.8460
   114      9.340594e-01          155.8403
   115      9.340451e-01          158.8208
   116      9.340381e-01          150.5006
   117      9.342608e-01          148.2300
   118      9.345758e-01          153.9408
   119      9.347838e-01          141.3766
   120      9.350147e-01          148.2516
   121      9.350198e-01          142.9526
   122      9.352072e-01          137.3280
   123      9.352212e-01          149.7844
   124      9.354652e-01          144.2484
   125      9.357537e-01          144.4171
   126      9.358208e-01          145.6703
   127      9.360195e-01          148.6050
   128      9.359999e-01          147.6384
   129      9.361631e-01          158.8895
   130      9.363096e-01          146.3089
   131      9.365457e-01          144.5767
   132      9.365155e-01          156.0122
   133      9.367138e-01          156.8835
   134      9.370126e-01          151.1684
   135      9.371777e-01          146.2626
   136      9.371873e-01          144.0308
   137      9.375163e-01          152.9198
   138      9.376178e-01          158.2918
   139      9.378967e-01          128.9735
   140      9.380281e-01          149.8095
   141      9.383797e-01          139.7158
   142      9.382187e-01          149.7050
   143      9.381940e-01          149.4329
   144      9.384251e-01          146.5353
   145      9.388039e-01          150.6014
   146      9.391175e-01          151.1048
   147      9.395443e-01          142.6891
   148      9.398733e-01          156.9681
   149      9.400781e-01          152.0453
   150      9.398584e-01          148.8914
   151      9.400038e-01          139.8124
   152      9.399635e-01          151.9893
   153      9.399764e-01          157.9516
   154      9.402810e-01          160.3680
   155      9.404164e-01          168.4352
   156      9.403569e-01          149.9405
   157      9.403574e-01          145.6465
   158      9.404701e-01          160.8996
   159      9.404448e-01          145.2821
   160      9.404254e-01          171.5686
   161      9.406930e-01          147.7280
   162      9.409537e-01          144.0418
   163      9.412609e-01          165.4011
   164      9.419206e-01          151.2286
   165      9.421423e-01          158.4556
   166      9.426932e-01          147.9044
   167      9.430652e-01          143.7129
   168      9.431302e-01          143.9450
   169      9.433575e-01          160.9082
   170      9.433355e-01          154.2249
   171      9.434467e-01          170.5326
   172      9.435049e-01          166.1999
   173      9.435756e-01          169.6147
   174      9.436190e-01          158.7060
   175      9.439527e-01          156.9808
   176      9.441469e-01          166.5570
   177      9.442084e-01          172.3516
   178      9.441955e-01          151.3602
   179      9.441608e-01          170.9136
   180      9.440984e-01          163.3127
   181      9.441011e-01          170.8640
   182      9.442010e-01          148.1386
   183      9.442694e-01          158.8102
   184      9.444988e-01          160.5388
   185      9.444585e-01          165.5664
   186      9.443375e-01          168.9157
   187      9.442977e-01          171.9948
   188      9.446448e-01          163.3748
   189      9.449837e-01          177.7290
   190      9.453818e-01          159.2924
   191      9.456645e-01          157.3999
   192      9.458834e-01          160.9601
   193      9.461971e-01          155.9158
   194      9.468592e-01          168.5285
   195      9.471276e-01          160.3767
   196      9.471390e-01          162.7575
   197      9.473277e-01          163.6150
   198      9.475103e-01          173.1374
   199      9.476190e-01          158.3735
------------------------------------------------------------
Summary
------------------------------------------------------------
  Final  ||θ - θ_true||_2  = 9.476190e-01
  Final  log-likelihood   = 158.3735
  Best   log-likelihood   = 512.4813  (epoch 13)
============================================================
