============================================================
gLV AD-EnKF parameter estimation run
============================================================
  data_truth_path   = gLV/data/glv_ahidden0p00_truth.npz
  data_obs_path     = gLV/data/glv_ahidden0p00_obs.npz
  init_theta_scale = 0.8
  lr                = 0.01
  process_std       = 0.02
  N_ens             = 100
  epochs            = 200
  chunk_length      = 10
============================================================
 Epoch    ||θ-θ_true||_2    Log-likelihood
------------------------------------------------------------
     0      3.857632e-01          549.7463
     1      3.798318e-01          727.2452
     2      3.771343e-01          740.6243
     3      3.800351e-01          772.1758
     4      3.834589e-01          767.5082
     5      3.868781e-01          770.6187
     6      3.849775e-01          764.4553
     7      3.816575e-01          778.4686
     8      3.919589e-01          770.8852
     9      3.945552e-01          780.9675
    10      3.926217e-01          778.3068
    11      4.041377e-01          781.8027
    12      4.060407e-01          781.0289
    13      4.251050e-01          785.7360
    14      4.254551e-01          780.2245
    15      4.332924e-01          781.7239
    16      4.477193e-01          788.8076
    17      4.731787e-01          786.2651
    18      4.683076e-01          775.8456
    19      4.845992e-01          779.2280
    20      5.099021e-01          775.7923
    21      5.050125e-01          773.5657
    22      5.284897e-01          775.3826
    23      5.497069e-01          777.1738
    24      5.475897e-01          770.3049
    25      5.550981e-01          759.2755
    26      5.544779e-01          766.8676
    27      5.593844e-01          764.8161
    28      5.710990e-01          765.9118
    29      5.792856e-01          767.3828
    30      5.817000e-01          769.6013
    31      5.886202e-01          769.6165
    32      5.978251e-01          779.9828
    33      5.964794e-01          779.9149
    34      6.124187e-01          776.5139
    35      6.228297e-01          772.3207
    36      6.295617e-01          780.1899
    37      6.433157e-01          772.4739
    38      6.373295e-01          775.6412
    39      6.392293e-01          759.7621
    40      6.381235e-01          775.4687
    41      6.329351e-01          791.4964
    42      6.291746e-01          788.7381
    43      6.308965e-01          793.1910
    44      6.324439e-01          794.6365
    45      6.332683e-01          798.2256
    46      6.350486e-01          795.8891
    47      6.374757e-01          794.0593
    48      6.331005e-01          795.2602
    49      6.338938e-01          793.2943
    50      6.355267e-01          796.9570
    51      6.384180e-01          788.7060
    52      6.395720e-01          794.0317
    53      6.395850e-01          789.5445
    54      6.411991e-01          791.7596
    55      6.413321e-01          792.0876
    56      6.526906e-01          786.4080
    57      6.560647e-01          788.9430
    58      6.586103e-01          790.5167
    59      6.583429e-01          791.5892
    60      6.584264e-01          792.3957
    61      6.590415e-01          792.3561
    62      6.613011e-01          792.0229
    63      6.648472e-01          784.6465
    64      6.632096e-01          794.7903
    65      6.632633e-01          794.0927
    66      6.636665e-01          791.6500
    67      6.632327e-01          790.9251
    68      6.685774e-01          790.4562
    69      6.682145e-01          791.2305
    70      6.689668e-01          793.2632
    71      6.717699e-01          793.1951
    72      6.718562e-01          789.2847
    73      6.726652e-01          794.1186
    74      6.726820e-01          795.2434
    75      6.799684e-01          791.1659
    76      6.770852e-01          792.3458
    77      6.760383e-01          792.8629
    78      6.748184e-01          794.3989
    79      6.782598e-01          785.8896
    80      6.791328e-01          795.2352
    81      6.789745e-01          791.0902
    82      6.794102e-01          790.7062
    83      6.808556e-01          795.3739
    84      6.807934e-01          798.0023
    85      6.808195e-01          794.8064
    86      6.829277e-01          790.4269
    87      6.900226e-01          783.8391
    88      6.887653e-01          792.3800
    89      6.876927e-01          792.7866
    90      6.877075e-01          795.7646
    91      6.871999e-01          793.6563
    92      6.875077e-01          796.3766
    93      6.874015e-01          800.4573
    94      6.870346e-01          792.4091
    95      6.878731e-01          800.3879
    96      6.875734e-01          791.7650
    97      6.884544e-01          793.9695
    98      6.887839e-01          795.9059
    99      6.891347e-01          794.7349
   100      6.896156e-01          794.7523
   101      6.895308e-01          795.6609
   102      6.903152e-01          793.1303
   103      6.914018e-01          795.2624
   104      6.916792e-01          794.8069
   105      6.928526e-01          789.2356
   106      6.940694e-01          792.7283
   107      6.960743e-01          791.0576
   108      6.963747e-01          794.3206
   109      6.970891e-01          797.9011
   110      6.976410e-01          798.6229
   111      6.983102e-01          794.2325
   112      6.991556e-01          794.1699
   113      7.007392e-01          794.2521
   114      7.022451e-01          790.8668
   115      7.037910e-01          791.3210
   116      7.044203e-01          793.9273
   117      7.087944e-01          789.7911
   118      7.110065e-01          792.3866
   119      7.121059e-01          794.7493
   120      7.142717e-01          797.4023
   121      7.150659e-01          789.4152
   122      7.159010e-01          797.5793
   123      7.186226e-01          794.3646
   124      7.188817e-01          792.6961
   125      7.197436e-01          791.3490
   126      7.211046e-01          794.6227
   127      7.212766e-01          790.2202
   128      7.276533e-01          789.3295
   129      7.313206e-01          787.4230
   130      7.317641e-01          792.4609
   131      7.331992e-01          794.0583
   132      7.331616e-01          795.3591
   133      7.333375e-01          794.8163
   134      7.331228e-01          789.3549
   135      7.328570e-01          791.1589
   136      7.332832e-01          796.2344
   137      7.332830e-01          798.0476
   138      7.352631e-01          793.7172
   139      7.354879e-01          797.0076
   140      7.354386e-01          795.1490
   141      7.353883e-01          799.1288
   142      7.359052e-01          797.5991
   143      7.361004e-01          796.2706
   144      7.362800e-01          795.8465
   145      7.380839e-01          790.7993
   146      7.380759e-01          795.1105
   147      7.382919e-01          795.8377
   148      7.397147e-01          794.7221
   149      7.407793e-01          794.6996
   150      7.454055e-01          791.9528
   151      7.457717e-01          798.3191
   152      7.458161e-01          797.1411
   153      7.480957e-01          791.7794
   154      7.477274e-01          790.6705
   155      7.497777e-01          794.2842
   156      7.522403e-01          791.8887
   157      7.532468e-01          797.1431
   158      7.553290e-01          791.3665
   159      7.601817e-01          790.5527
   160      7.625210e-01          796.5466
   161      7.643741e-01          795.8098
   162      7.650022e-01          791.3854
   163      7.662463e-01          793.3740
   164      7.666385e-01          799.5671
   165      7.687560e-01          787.4832
   166      7.728278e-01          795.2387
   167      7.728623e-01          790.0411
   168      7.732068e-01          793.2030
   169      7.737157e-01          793.7819
   170      7.748499e-01          747.7344
   171      7.816595e-01          520.1320
   172      7.836248e-01          714.1583
   173      7.847930e-01          719.8331
   174      7.835525e-01          714.8043
   175      7.838595e-01          725.7098
   176      7.846328e-01          721.6830
   177      7.862996e-01          730.3381
   178      7.870697e-01          719.7206
   179      7.876768e-01          728.9399
   180      7.882919e-01          732.1263
   181      7.887090e-01          733.7693
   182      7.883060e-01          734.7173
   183      7.884833e-01          738.6611
   184      7.897961e-01          730.5864
   185      7.910187e-01          733.6634
   186      7.894269e-01          733.4501
   187      7.898477e-01          737.8275
   188      7.915370e-01          742.3135
   189      7.931786e-01          733.9545
   190      7.944393e-01          733.0015
   191      7.948155e-01          733.0858
   192      7.955507e-01          741.3978
   193      7.955847e-01          738.4407
   194      7.961200e-01          741.5517
   195      7.967214e-01          741.6014
   196      7.978448e-01          731.7521
   197      7.989039e-01          744.2357
   198      7.987996e-01          744.4011
   199      7.999213e-01          746.5037
------------------------------------------------------------
Summary
------------------------------------------------------------
  Final  ||θ - θ_true||_2  = 7.999213e-01
  Final  log-likelihood   = 746.5037
  Best   log-likelihood   = 800.4573  (epoch 93)
============================================================
