============================================================
gLV AD-EnKF parameter estimation run
============================================================
  data_truth_path   = gLV/data/glv_ahidden0p00_truth.npz
  data_obs_path     = gLV/data/glv_ahidden0p00_obs.npz
  init_theta_scale = 0.8
  lr                = 0.005
  process_std       = 0.02
  N_ens             = 100
  epochs            = 200
  chunk_length      = 20
============================================================
 Epoch    ||θ-θ_true||_2    Log-likelihood
------------------------------------------------------------
     0      3.760993e-01          738.3510
     1      3.762546e-01          729.8655
     2      3.754441e-01          755.3649
     3      3.778945e-01          772.5745
     4      3.794278e-01          771.7880
     5      3.816993e-01          776.9670
     6      3.854729e-01          778.2452
     7      3.889852e-01          772.3669
     8      3.900166e-01          754.1440
     9      3.908688e-01          765.8348
    10      3.926942e-01          769.6559
    11      3.983398e-01          777.4478
    12      3.991630e-01          765.1581
    13      4.042827e-01          772.2993
    14      4.066092e-01          771.3776
    15      4.126268e-01          774.5780
    16      4.148532e-01          771.0637
    17      4.192635e-01          778.1720
    18      4.210705e-01          772.2860
    19      4.349322e-01          716.5244
    20      4.433579e-01          751.8438
    21      4.541492e-01          674.8594
    22      4.486995e-01          629.7944
    23      4.436961e-01          710.6332
    24      4.424999e-01          737.8093
    25      4.428121e-01          744.9025
    26      4.438415e-01          750.2141
    27      4.446280e-01          749.4872
    28      4.464619e-01          756.1352
    29      4.475940e-01          752.3914
    30      4.492116e-01          750.4199
    31      4.502070e-01          750.5805
    32      4.525568e-01          753.6085
    33      4.533339e-01          750.1261
    34      4.544372e-01          748.1089
    35      4.561004e-01          736.9023
    36      4.571164e-01          748.8739
    37      4.601322e-01          751.8885
    38      4.616726e-01          746.0115
    39      4.636501e-01          742.8261
    40      4.628675e-01          754.6151
    41      4.625084e-01          749.8980
    42      4.631205e-01          751.0795
    43      4.636154e-01          753.6656
    44      4.642551e-01          755.5732
    45      4.647675e-01          759.0579
    46      4.651739e-01          754.3569
    47      4.654943e-01          746.9279
    48      4.660810e-01          755.5109
    49      4.662747e-01          755.4741
    50      4.668730e-01          751.7297
    51      4.677898e-01          756.0497
    52      4.682136e-01          750.7776
    53      4.682111e-01          743.8612
    54      4.682849e-01          753.4113
    55      4.690982e-01          748.7089
    56      4.699526e-01          756.0864
    57      4.699382e-01          746.0921
    58      4.704976e-01          752.1369
    59      4.709519e-01          753.8958
    60      4.714634e-01          752.0128
    61      4.715864e-01          753.4882
    62      4.718154e-01          746.2269
    63      4.724173e-01          755.7455
    64      4.727632e-01          755.6934
    65      4.729853e-01          750.3178
    66      4.730778e-01          754.0223
    67      4.731739e-01          746.3331
    68      4.736657e-01          754.5449
    69      4.745737e-01          748.7407
    70      4.754457e-01          751.0552
    71      4.765414e-01          751.6791
    72      4.777035e-01          754.7254
    73      4.781322e-01          754.7274
    74      4.783173e-01          751.2640
    75      4.787108e-01          746.2306
    76      4.788261e-01          748.5539
    77      4.792828e-01          748.3824
    78      4.798824e-01          752.8452
    79      4.801889e-01          756.3619
    80      4.804827e-01          749.1375
    81      4.807535e-01          751.1851
    82      4.811051e-01          749.2329
    83      4.815404e-01          746.6718
    84      4.818579e-01          750.7708
    85      4.819613e-01          752.3196
    86      4.822685e-01          746.6171
    87      4.824021e-01          742.3913
    88      4.826907e-01          749.3218
    89      4.831840e-01          746.8535
    90      4.836544e-01          747.3690
    91      4.842720e-01          754.3736
    92      4.846036e-01          750.5302
    93      4.847452e-01          753.1768
    94      4.853199e-01          741.9909
    95      4.856629e-01          749.5178
    96      4.860008e-01          746.0499
    97      4.863331e-01          744.6797
    98      4.867049e-01          753.2906
    99      4.870828e-01          746.7401
   100      4.871457e-01          745.0793
   101      4.873784e-01          753.4665
   102      4.877463e-01          747.7101
   103      4.880825e-01          752.5804
   104      4.881162e-01          747.1371
   105      4.883798e-01          749.4272
   106      4.888815e-01          747.0568
   107      4.889382e-01          733.7170
   108      4.891218e-01          746.0562
   109      4.896425e-01          741.1958
   110      4.902447e-01          749.7781
   111      4.905568e-01          743.5015
   112      4.908808e-01          750.7114
   113      4.909860e-01          738.0950
   114      4.912706e-01          747.2496
   115      4.915241e-01          752.3885
   116      4.916839e-01          746.5538
   117      4.920240e-01          747.4272
   118      4.921634e-01          738.7516
   119      4.922763e-01          744.7368
   120      4.926636e-01          753.8728
   121      4.930518e-01          739.4998
   122      4.934447e-01          751.8166
   123      4.937940e-01          743.2861
   124      4.940675e-01          743.1663
   125      4.941798e-01          741.5303
   126      4.945404e-01          746.7961
   127      4.947585e-01          743.1568
   128      4.947550e-01          740.6205
   129      4.951077e-01          747.6873
   130      4.954557e-01          748.2467
   131      4.956154e-01          747.6768
   132      4.955528e-01          749.8849
   133      4.956984e-01          744.8281
   134      4.961156e-01          739.6142
   135      4.965196e-01          742.9222
   136      4.968122e-01          750.2773
   137      4.969803e-01          748.6009
   138      4.972828e-01          744.8734
   139      4.974064e-01          748.8161
   140      4.975128e-01          740.9075
   141      4.977304e-01          749.0568
   142      4.980823e-01          742.2383
   143      4.983774e-01          749.2644
   144      4.987534e-01          749.9910
   145      4.991477e-01          743.9408
   146      4.993770e-01          741.7137
   147      4.997695e-01          738.5029
   148      4.999488e-01          744.4164
   149      5.003510e-01          742.6133
   150      5.009307e-01          739.4789
   151      5.011395e-01          748.6229
   152      5.013451e-01          749.3271
   153      5.015019e-01          743.7346
   154      5.016730e-01          744.8131
   155      5.020564e-01          746.5838
   156      5.023702e-01          749.2665
   157      5.025131e-01          741.0685
   158      5.028889e-01          743.0308
   159      5.033801e-01          745.0732
   160      5.037507e-01          750.8394
   161      5.038376e-01          745.2172
   162      5.042321e-01          744.4595
   163      5.044176e-01          738.5660
   164      5.045310e-01          753.7571
   165      5.047926e-01          745.6451
   166      5.050134e-01          745.4641
   167      5.053755e-01          746.7034
   168      5.056062e-01          745.1781
   169      5.055642e-01          739.6115
   170      5.057399e-01          744.6241
   171      5.059710e-01          743.2672
   172      5.061446e-01          741.0066
   173      5.064247e-01          749.5475
   174      5.066113e-01          739.6001
   175      5.067002e-01          745.5384
   176      5.067879e-01          752.7992
   177      5.070428e-01          753.3564
   178      5.072326e-01          741.4470
   179      5.073757e-01          746.7405
   180      5.075735e-01          744.5643
   181      5.080315e-01          748.0268
   182      5.083058e-01          749.9094
   183      5.084491e-01          749.7109
   184      5.086489e-01          746.9601
   185      5.087181e-01          739.6975
   186      5.089636e-01          740.9427
   187      5.093290e-01          750.4666
   188      5.097905e-01          741.9979
   189      5.102570e-01          741.1946
   190      5.104021e-01          741.6833
   191      5.104501e-01          741.9058
   192      5.106367e-01          732.9692
   193      5.110430e-01          738.2618
   194      5.114759e-01          741.6558
   195      5.118776e-01          745.9044
   196      5.121713e-01          741.5434
   197      5.123743e-01          743.8677
   198      5.124913e-01          742.9136
   199      5.126849e-01          742.4782
------------------------------------------------------------
Summary
------------------------------------------------------------
  Final  ||θ - θ_true||_2  = 5.126849e-01
  Final  log-likelihood   = 742.4782
  Best   log-likelihood   = 778.2452  (epoch 6)
============================================================
