============================================================
gLV AD-EnKF parameter estimation run
============================================================
  data_truth_path   = gLV/data/glv_ahidden0p00_truth.npz
  data_obs_path     = gLV/data/glv_ahidden0p00_obs.npz
  init_theta_scale = 0.8
  lr                = 0.02
  process_std       = 0.02
  N_ens             = 50
  epochs            = 200
  chunk_length      = 20
============================================================
 Epoch    ||θ-θ_true||_2    Log-likelihood
------------------------------------------------------------
     0      3.821223e-01          518.0253
     1      3.756991e-01          643.6799
     2      3.757665e-01          706.8707
     3      3.741997e-01          760.4872
     4      3.723466e-01          766.9755
     5      3.769279e-01          756.4024
     6      3.771130e-01          748.8818
     7      3.717817e-01          762.8096
     8      3.758775e-01          765.9819
     9      3.851106e-01          770.4414
    10      3.992116e-01          661.3156
    11      3.971017e-01          705.6053
    12      4.096937e-01          728.1266
    13      4.038351e-01          734.8264
    14      4.306863e-01          704.7888
    15      4.183182e-01          719.5980
    16      4.242071e-01          750.5652
    17      4.090381e-01          728.2832
    18      3.970507e-01          739.9977
    19      4.060630e-01          749.5037
    20      4.151920e-01          741.0825
    21      4.178621e-01          742.1656
    22      4.131542e-01          723.0412
    23      4.302380e-01          701.3615
    24      4.215637e-01          724.9673
    25      4.308542e-01          726.2615
    26      4.284742e-01          709.0704
    27      4.265099e-01          674.1173
    28      4.190868e-01          695.9534
    29      4.223611e-01          718.4901
    30      4.310696e-01          740.1953
    31      4.377921e-01          752.4728
    32      4.493886e-01          749.9327
    33      4.592903e-01          706.0051
    34      4.582529e-01          654.8911
    35      4.571595e-01          689.9261
    36      4.492566e-01          695.5820
    37      4.462998e-01          715.4275
    38      4.481173e-01          740.6307
    39      4.557537e-01          759.2991
    40      4.540008e-01          754.8123
    41      4.523394e-01          755.0620
    42      4.545905e-01          761.1644
    43      4.548846e-01          758.0165
    44      4.549105e-01          757.2015
    45      4.554671e-01          769.3308
    46      4.562316e-01          766.0463
    47      4.580674e-01          764.8507
    48      4.591273e-01          767.0033
    49      4.607406e-01          760.2478
    50      4.619698e-01          766.4743
    51      4.610879e-01          765.8599
    52      4.621235e-01          761.9662
    53      4.627748e-01          761.5477
    54      4.635051e-01          768.2696
    55      4.648449e-01          763.7672
    56      4.658359e-01          767.1495
    57      4.664273e-01          765.4551
    58      4.676199e-01          762.6843
    59      4.690179e-01          767.0082
    60      4.703305e-01          764.8536
    61      4.708546e-01          756.1717
    62      4.716034e-01          766.9401
    63      4.722920e-01          770.7659
    64      4.732041e-01          768.2982
    65      4.752537e-01          766.3267
    66      4.763152e-01          766.1515
    67      4.771816e-01          769.2526
    68      4.787087e-01          759.5242
    69      4.794212e-01          766.6735
    70      4.810959e-01          766.5693
    71      4.823757e-01          765.6356
    72      4.822315e-01          771.6465
    73      4.827283e-01          764.9971
    74      4.844507e-01          756.0711
    75      4.857994e-01          769.1384
    76      4.866970e-01          767.0966
    77      4.868448e-01          763.3080
    78      4.871975e-01          764.0031
    79      4.878871e-01          770.2626
    80      4.892529e-01          773.1833
    81      4.909905e-01          769.8610
    82      4.911102e-01          767.9802
    83      4.911379e-01          763.0848
    84      4.944134e-01          765.1163
    85      4.956049e-01          772.0818
    86      4.973912e-01          761.6387
    87      4.981556e-01          768.8876
    88      4.988358e-01          766.9139
    89      4.998159e-01          773.5726
    90      5.000240e-01          769.1133
    91      4.996256e-01          768.2661
    92      5.011385e-01          773.7232
    93      5.024415e-01          765.0385
    94      5.043075e-01          767.7147
    95      5.041923e-01          769.1276
    96      5.042742e-01          768.0410
    97      5.048028e-01          756.4839
    98      5.037077e-01          766.5464
    99      5.049981e-01          769.5210
   100      5.066903e-01          762.1967
   101      5.086611e-01          769.0243
   102      5.098597e-01          768.8865
   103      5.115970e-01          765.3613
   104      5.131177e-01          761.3302
   105      5.143567e-01          763.8353
   106      5.145686e-01          776.1263
   107      5.155836e-01          766.6316
   108      5.170128e-01          762.6023
   109      5.178158e-01          766.8479
   110      5.185827e-01          762.4548
   111      5.196247e-01          762.1514
   112      5.196830e-01          760.1273
   113      5.208652e-01          766.9523
   114      5.229960e-01          767.3777
   115      5.234704e-01          769.3847
   116      5.251769e-01          773.7945
   117      5.269850e-01          769.5635
   118      5.267940e-01          762.4396
   119      5.271133e-01          760.2823
   120      5.271580e-01          768.8214
   121      5.287586e-01          752.3470
   122      5.299830e-01          768.1352
   123      5.303229e-01          766.5067
   124      5.310107e-01          764.0055
   125      5.308084e-01          768.6157
   126      5.305650e-01          774.0865
   127      5.320133e-01          768.9978
   128      5.327655e-01          765.7144
   129      5.336128e-01          764.7481
   130      5.354979e-01          765.4868
   131      5.369862e-01          763.8260
   132      5.386465e-01          760.7358
   133      5.394286e-01          760.9908
   134      5.390117e-01          768.5649
   135      5.389039e-01          768.8554
   136      5.397264e-01          773.3702
   137      5.393341e-01          762.6866
   138      5.382720e-01          762.6194
   139      5.402043e-01          773.8507
   140      5.412973e-01          766.7823
   141      5.412759e-01          766.9401
   142      5.428553e-01          761.4258
   143      5.432557e-01          769.3734
   144      5.430322e-01          764.1683
   145      5.436045e-01          773.2092
   146      5.433736e-01          765.7412
   147      5.435215e-01          767.0774
   148      5.433590e-01          769.8661
   149      5.448269e-01          769.7816
   150      5.454613e-01          766.9777
   151      5.456319e-01          765.4498
   152      5.474471e-01          766.6984
   153      5.483520e-01          767.3936
   154      5.491424e-01          777.4006
   155      5.491304e-01          763.2101
   156      5.495008e-01          765.6100
   157      5.507749e-01          766.6013
   158      5.515181e-01          778.3440
   159      5.525792e-01          768.0741
   160      5.526017e-01          759.2105
   161      5.532111e-01          770.6227
   162      5.530993e-01          766.6080
   163      5.532262e-01          768.2752
   164      5.531709e-01          770.6305
   165      5.530345e-01          769.9896
   166      5.533900e-01          772.2979
   167      5.532766e-01          771.7092
   168      5.538077e-01          769.9052
   169      5.542240e-01          768.5666
   170      5.536934e-01          769.8506
   171      5.542501e-01          770.4943
   172      5.553843e-01          767.1272
   173      5.551947e-01          771.0501
   174      5.559587e-01          773.2800
   175      5.563203e-01          775.6718
   176      5.576667e-01          769.6545
   177      5.598431e-01          766.1588
   178      5.609484e-01          771.3196
   179      5.620031e-01          766.8455
   180      5.630143e-01          763.9066
   181      5.626857e-01          762.3901
   182      5.624977e-01          766.0374
   183      5.635821e-01          773.3518
   184      5.636459e-01          770.3415
   185      5.638709e-01          767.1434
   186      5.651054e-01          767.4169
   187      5.637785e-01          767.0504
   188      5.643444e-01          769.3669
   189      5.652820e-01          771.4747
   190      5.662494e-01          765.9405
   191      5.671672e-01          769.8845
   192      5.680349e-01          766.6414
   193      5.680140e-01          769.1852
   194      5.684897e-01          773.1260
   195      5.685757e-01          769.7017
   196      5.678422e-01          771.1597
   197      5.679291e-01          775.4736
   198      5.679345e-01          771.8607
   199      5.686938e-01          771.8334
------------------------------------------------------------
Summary
------------------------------------------------------------
  Final  ||θ - θ_true||_2  = 5.686938e-01
  Final  log-likelihood   = 771.8334
  Best   log-likelihood   = 778.3440  (epoch 158)
============================================================
