============================================================
gLV AD-EnKF parameter estimation run
============================================================
  data_truth_path   = gLV/data/glv_ahidden0p00_truth.npz
  data_obs_path     = gLV/data/glv_ahidden0p00_obs.npz
  init_theta_scale = 0.8
  lr                = 0.02
  process_std       = 0.01
  N_ens             = 100
  epochs            = 200
  chunk_length      = 20
============================================================
 Epoch    ||θ-θ_true||_2    Log-likelihood
------------------------------------------------------------
     0      4.119630e-01           64.7235
     1      4.419951e-01          -29.0292
     2      4.660437e-01          636.2393
     3      4.762539e-01          680.1724
     4      4.803841e-01          713.6986
     5      4.816035e-01          720.9921
     6      4.747186e-01          685.5046
     7      4.780110e-01          764.4024
     8      4.717399e-01          757.9034
     9      4.670055e-01          749.0603
    10      4.630795e-01          765.7808
    11      4.590125e-01          762.1037
    12      4.522931e-01          766.0713
    13      4.513034e-01          774.7259
    14      4.466776e-01          766.6011
    15      4.462477e-01          765.6793
    16      4.442619e-01          768.7329
    17      4.344103e-01          768.0248
    18      4.360362e-01          740.7067
    19      4.317236e-01          699.6782
    20      4.329008e-01          715.9167
    21      4.468960e-01          765.0665
    22      4.316327e-01          766.9742
    23      4.313691e-01          770.3811
    24      4.291283e-01          769.4638
    25      4.274120e-01          760.0814
    26      4.242439e-01          771.6558
    27      4.260775e-01          763.2574
    28      4.264750e-01          767.7754
    29      4.296832e-01          758.6801
    30      4.279159e-01          727.8604
    31      4.297166e-01          749.2747
    32      4.368505e-01          769.1808
    33      4.276801e-01          766.3367
    34      4.279522e-01          774.8619
    35      4.289508e-01          775.3093
    36      4.310661e-01          782.0594
    37      4.399242e-01          766.2408
    38      4.483068e-01          743.5521
    39      4.402575e-01          715.2668
    40      4.400292e-01          756.0638
    41      4.416068e-01          782.5868
    42      4.430771e-01          778.5430
    43      4.433428e-01          780.5247
    44      4.454103e-01          787.4023
    45      4.472814e-01          790.9467
    46      4.482096e-01          789.8466
    47      4.500307e-01          787.5548
    48      4.518046e-01          784.7084
    49      4.542489e-01          783.2007
    50      4.570151e-01          789.0876
    51      4.599110e-01          783.2813
    52      4.630884e-01          782.8061
    53      4.679842e-01          780.2476
    54      4.711684e-01          781.1125
    55      4.745757e-01          782.8315
    56      4.769473e-01          784.2958
    57      4.814073e-01          775.0497
    58      4.872235e-01          779.1918
    59      4.896758e-01          770.5304
    60      4.950060e-01          777.3666
    61      5.001647e-01          773.2664
    62      5.024077e-01          773.6254
    63      5.078589e-01          774.1991
    64      5.107342e-01          774.0895
    65      5.092282e-01          759.0187
    66      5.118767e-01          776.3269
    67      5.155995e-01          769.9101
    68      5.194654e-01          763.4377
    69      5.225410e-01          764.0376
    70      5.252149e-01          761.1475
    71      5.289752e-01          756.2568
    72      5.299641e-01          754.1216
    73      5.325720e-01          769.9647
    74      5.367743e-01          760.5112
    75      5.544823e-01          533.5757
    76      5.714130e-01          651.0573
    77      5.692323e-01          557.4247
    78      5.626810e-01          570.4658
    79      5.591700e-01          716.1630
    80      5.601281e-01          692.2893
    81      5.576702e-01          712.4979
    82      5.601240e-01          712.8591
    83      5.576887e-01          706.7281
    84      5.597910e-01          719.2377
    85      5.585064e-01          724.9183
    86      5.605536e-01          719.4877
    87      5.589105e-01          712.0316
    88      5.610217e-01          734.7618
    89      5.610328e-01          729.4741
    90      5.616196e-01          725.9016
    91      5.622453e-01          735.1085
    92      5.635744e-01          737.3203
    93      5.637908e-01          730.8698
    94      5.647656e-01          722.6821
    95      5.647884e-01          726.8439
    96      5.661069e-01          725.1042
    97      5.652212e-01          720.0444
    98      5.668159e-01          730.6878
    99      5.666263e-01          722.9805
   100      5.679058e-01          727.4011
   101      5.668966e-01          733.3850
   102      5.682523e-01          730.8845
   103      5.680678e-01          734.9637
   104      5.690081e-01          731.9936
   105      5.695525e-01          732.0166
   106      5.705130e-01          734.5906
   107      5.712341e-01          719.7263
   108      5.715766e-01          731.8248
   109      5.727804e-01          726.2650
   110      5.730078e-01          733.3188
   111      5.736394e-01          727.5374
   112      5.741186e-01          738.3120
   113      5.751628e-01          716.8597
   114      5.753784e-01          732.4893
   115      5.759181e-01          737.7507
   116      5.763659e-01          732.7753
   117      5.768160e-01          738.0642
   118      5.766696e-01          723.6253
   119      5.771192e-01          733.0907
   120      5.783839e-01          741.5714
   121      5.795791e-01          721.0876
   122      5.795777e-01          743.1970
   123      5.807322e-01          729.9379
   124      5.799895e-01          730.8598
   125      5.819333e-01          723.0075
   126      5.808982e-01          731.3666
   127      5.825114e-01          723.7149
   128      5.811231e-01          725.3739
   129      5.827982e-01          731.9371
   130      5.820690e-01          736.5089
   131      5.833802e-01          734.3054
   132      5.827433e-01          737.4706
   133      5.837978e-01          733.1780
   134      5.839593e-01          729.7236
   135      5.853657e-01          734.3083
   136      5.851150e-01          741.0049
   137      5.860922e-01          737.8630
   138      5.862540e-01          732.9885
   139      5.871360e-01          737.9611
   140      5.873698e-01          727.9301
   141      5.879142e-01          738.5629
   142      5.887012e-01          732.2037
   143      5.889888e-01          742.9125
   144      5.898955e-01          741.2758
   145      5.903141e-01          736.7123
   146      5.910940e-01          735.1198
   147      5.911441e-01          729.5554
   148      5.917534e-01          732.4664
   149      5.918088e-01          741.1091
   150      5.926874e-01          730.6160
   151      5.921402e-01          741.3977
   152      5.928881e-01          742.2028
   153      5.925927e-01          735.5222
   154      5.934255e-01          737.3971
   155      5.944551e-01          743.2990
   156      5.948220e-01          740.1905
   157      5.948080e-01          736.8112
   158      5.955821e-01          735.7352
   159      5.959738e-01          738.6238
   160      5.967581e-01          748.3698
   161      5.968074e-01          739.9764
   162      5.976509e-01          739.9361
   163      5.977504e-01          737.8204
   164      5.987316e-01          750.5991
   165      5.991125e-01          738.5452
   166      5.996518e-01          739.1282
   167      6.001810e-01          745.5198
   168      6.006372e-01          739.9926
   169      6.003744e-01          734.5291
   170      6.012879e-01          739.2075
   171      6.014460e-01          738.9205
   172      6.023135e-01          736.6945
   173      6.028597e-01          747.5653
   174      6.027665e-01          730.9502
   175      6.031011e-01          740.1246
   176      6.035749e-01          748.5147
   177      6.037927e-01          747.7722
   178      6.041607e-01          737.0403
   179      6.044501e-01          742.6918
   180      6.051179e-01          738.2549
   181      6.058744e-01          747.1870
   182      6.064386e-01          745.4638
   183      6.066458e-01          749.9694
   184      6.071547e-01          745.5615
   185      6.076744e-01          741.9954
   186      6.079485e-01          739.7296
   187      6.085295e-01          748.4023
   188      6.093163e-01          743.0353
   189      6.101384e-01          739.5333
   190      6.101841e-01          736.5624
   191      6.103761e-01          738.1579
   192      6.110663e-01          736.5629
   193      6.116153e-01          739.6255
   194      6.122194e-01          741.0863
   195      6.126297e-01          745.1774
   196      6.130636e-01          739.9114
   197      6.135057e-01          743.9108
   198      6.140350e-01          747.4183
   199      6.147047e-01          738.0665
------------------------------------------------------------
Summary
------------------------------------------------------------
  Final  ||θ - θ_true||_2  = 6.147047e-01
  Final  log-likelihood   = 738.0665
  Best   log-likelihood   = 790.9467  (epoch 45)
============================================================
