============================================================
gLV AD-EnKF parameter estimation run
============================================================
  data_truth_path   = gLV/data/glv_ahidden0p00_truth.npz
  data_obs_path     = gLV/data/glv_ahidden0p00_obs.npz
  init_theta_scale = 0.8
  lr                = 0.01
  process_std       = 0.0
  N_ens             = 100
  epochs            = 200
  chunk_length      = 10
============================================================
 Epoch    ||θ-θ_true||_2    Log-likelihood
------------------------------------------------------------
     0      3.688225e-01         -120.7511
     1      3.685279e-01          568.3740
     2      3.768196e-01          184.1660
     3      3.805576e-01          552.9569
     4      3.836436e-01          582.7477
     5      3.849069e-01          554.6185
     6      3.853327e-01          543.2469
     7      3.828599e-01          529.9868
     8      3.817904e-01          533.6413
     9      3.801998e-01          538.9238
    10      3.794255e-01          525.5002
    11      3.786289e-01          528.9370
    12      3.793483e-01          535.2864
    13      3.802249e-01          524.3997
    14      3.822356e-01          521.8239
    15      3.845472e-01          533.9882
    16      3.848137e-01          516.9083
    17      3.892889e-01          537.3918
    18      3.932549e-01          531.1731
    19      3.963828e-01          523.2894
    20      4.016929e-01          526.3298
    21      4.062045e-01          520.9233
    22      4.127311e-01          522.7758
    23      4.191026e-01          518.6230
    24      4.255936e-01          510.5797
    25      4.315982e-01          512.7151
    26      4.362964e-01          513.5424
    27      4.453806e-01          520.7669
    28      4.533430e-01          520.6871
    29      4.634984e-01          514.3818
    30      4.715108e-01          517.0142
    31      4.767864e-01          504.8226
    32      4.854235e-01          513.2571
    33      4.931734e-01          523.1843
    34      5.100353e-01          519.0232
    35      5.202439e-01          511.0965
    36      5.351757e-01          508.3984
    37      5.483990e-01          513.1724
    38      5.617827e-01          502.8549
    39      5.686165e-01          501.2080
    40      5.711357e-01          594.9677
    41      5.742496e-01          602.6771
    42      5.750329e-01          610.7568
    43      5.771919e-01          612.7173
    44      5.767588e-01          614.5351
    45      5.767879e-01          613.7765
    46      5.797440e-01          616.5961
    47      5.810511e-01          616.5066
    48      5.822062e-01          615.6174
    49      5.825322e-01          614.9918
    50      5.834405e-01          617.0084
    51      5.839472e-01          617.1300
    52      5.840611e-01          616.4150
    53      5.848919e-01          617.5178
    54      5.853547e-01          616.9666
    55      5.853197e-01          619.3046
    56      5.864699e-01          615.0063
    57      5.864304e-01          616.3188
    58      5.877814e-01          614.3837
    59      5.870829e-01          616.4858
    60      5.882938e-01          615.5674
    61      5.883452e-01          616.2394
    62      5.879151e-01          615.7230
    63      5.871080e-01          616.9072
    64      5.870709e-01          619.8879
    65      5.881180e-01          619.4306
    66      5.878627e-01          619.8615
    67      5.886262e-01          620.5648
    68      5.898238e-01          619.1466
    69      5.912747e-01          619.7765
    70      5.920416e-01          618.7587
    71      5.911793e-01          617.9763
    72      5.911825e-01          619.5571
    73      5.901766e-01          620.5222
    74      5.911719e-01          621.2573
    75      5.922107e-01          621.2442
    76      5.932080e-01          620.6392
    77      5.928030e-01          622.0732
    78      5.942776e-01          620.8276
    79      5.949155e-01          620.3333
    80      5.946069e-01          620.6553
    81      5.952444e-01          620.7825
    82      5.966700e-01          623.2162
    83      5.967604e-01          622.3829
    84      5.981138e-01          622.0452
    85      5.988186e-01          621.5347
    86      5.997742e-01          622.1777
    87      6.000766e-01          622.1375
    88      5.992313e-01          622.5062
    89      5.982698e-01          620.2038
    90      5.990489e-01          620.1144
    91      6.005819e-01          623.7629
    92      6.011091e-01          620.7496
    93      6.003958e-01          622.9432
    94      6.009673e-01          621.7795
    95      6.016724e-01          621.7362
    96      6.015714e-01          623.4468
    97      6.029422e-01          621.0387
    98      6.027606e-01          623.4346
    99      6.018071e-01          622.5629
   100      6.036345e-01          624.0657
   101      6.030833e-01          624.1971
   102      6.031672e-01          623.3972
   103      6.046719e-01          625.3383
   104      6.036967e-01          623.8878
   105      6.036152e-01          624.0368
   106      6.058092e-01          625.2595
   107      6.059294e-01          623.7207
   108      6.055475e-01          624.8725
   109      6.051322e-01          625.0260
   110      6.044514e-01          625.4615
   111      6.059462e-01          625.8358
   112      6.071911e-01          624.0535
   113      6.074451e-01          625.0191
   114      6.072742e-01          626.3250
   115      6.067291e-01          624.0851
   116      6.081553e-01          626.5682
   117      6.114416e-01          624.7283
   118      6.101176e-01          624.0933
   119      6.108595e-01          624.3763
   120      6.096570e-01          624.9409
   121      6.084615e-01          625.4507
   122      6.079327e-01          625.7604
   123      6.080558e-01          626.7549
   124      6.097035e-01          628.5746
   125      6.084452e-01          624.4708
   126      6.099919e-01          626.6005
   127      6.092293e-01          626.5526
   128      6.106034e-01          626.3665
   129      6.099241e-01          625.7190
   130      6.096486e-01          627.1541
   131      6.090941e-01          626.3575
   132      6.104662e-01          625.7601
   133      6.117296e-01          624.9065
   134      6.111948e-01          627.2483
   135      6.108049e-01          626.2147
   136      6.107262e-01          626.1487
   137      6.117380e-01          627.0909
   138      6.108629e-01          625.9156
   139      6.106546e-01          626.8516
   140      6.107218e-01          626.4734
   141      6.119726e-01          627.3363
   142      6.128734e-01          627.4988
   143      6.131374e-01          627.0778
   144      6.137242e-01          627.3239
   145      6.130857e-01          626.3437
   146      6.135550e-01          626.5568
   147      6.144873e-01          627.7928
   148      6.133249e-01          627.8871
   149      6.145412e-01          627.4639
   150      6.167946e-01          627.2468
   151      6.148930e-01          626.0060
   152      6.135821e-01          628.0627
   153      6.165112e-01          628.5241
   154      6.170999e-01          628.6642
   155      6.185627e-01          629.0537
   156      6.186392e-01          628.5939
   157      6.190311e-01          628.7441
   158      6.192492e-01          629.3210
   159      6.193674e-01          627.6305
   160      6.193632e-01          628.6790
   161      6.205060e-01          629.6438
   162      6.213318e-01          628.8801
   163      6.223367e-01          628.5166
   164      6.226515e-01          627.7728
   165      6.216547e-01          628.9778
   166      6.218346e-01          629.2208
   167      6.202897e-01          628.0653
   168      6.200801e-01          630.8597
   169      6.199449e-01          628.0966
   170      6.196440e-01          628.6123
   171      6.197379e-01          630.0875
   172      6.184669e-01          629.9122
   173      6.190250e-01          629.9428
   174      6.190292e-01          628.5934
   175      6.198286e-01          629.2945
   176      6.192357e-01          629.1685
   177      6.207386e-01          630.1006
   178      6.197076e-01          629.1902
   179      6.197110e-01          628.8043
   180      6.192479e-01          629.2366
   181      6.206542e-01          628.8340
   182      6.206775e-01          629.6465
   183      6.225108e-01          629.9196
   184      6.218802e-01          628.7020
   185      6.217295e-01          629.4591
   186      6.204911e-01          630.3416
   187      6.210497e-01          630.5364
   188      6.223343e-01          629.3194
   189      6.237997e-01          629.1766
   190      6.240126e-01          629.1786
   191      6.235353e-01          629.2496
   192      6.223261e-01          629.9329
   193      6.224465e-01          629.0896
   194      6.214772e-01          630.1139
   195      6.224397e-01          631.2518
   196      6.230107e-01          629.8654
   197      6.224589e-01          629.6602
   198      6.219782e-01          630.6765
   199      6.227941e-01          631.8384
------------------------------------------------------------
Summary
------------------------------------------------------------
  Final  ||θ - θ_true||_2  = 6.227941e-01
  Final  log-likelihood   = 631.8384
  Best   log-likelihood   = 631.8384  (epoch 199)
============================================================
