============================================================
gLV AD-EnKF parameter estimation run
============================================================
  data_truth_path   = gLV/data/glv_ahidden0p00_truth.npz
  data_obs_path     = gLV/data/glv_ahidden0p00_obs.npz
  init_theta_scale = 0.8
  lr                = 0.005
  process_std       = 0.0
  N_ens             = 50
  epochs            = 200
  chunk_length      = 10
============================================================
 Epoch    ||θ-θ_true||_2    Log-likelihood
------------------------------------------------------------
     0      3.788426e-01          438.7399
     1      3.817556e-01          221.3483
     2      3.860136e-01          385.9001
     3      3.887454e-01          481.3481
     4      3.880512e-01          510.1619
     5      3.860644e-01          532.6168
     6      3.840638e-01          560.0702
     7      3.818530e-01          557.0125
     8      3.808823e-01          562.4398
     9      3.816677e-01          566.9500
    10      3.813551e-01          558.3206
    11      3.816105e-01          557.2676
    12      3.812899e-01          550.7206
    13      3.819422e-01          557.3373
    14      3.829900e-01          551.6820
    15      3.842755e-01          553.1047
    16      3.859483e-01          556.9579
    17      3.881425e-01          545.3906
    18      3.896587e-01          547.2788
    19      3.925336e-01          558.0602
    20      3.971625e-01          559.9457
    21      4.014083e-01          546.3029
    22      4.050466e-01          542.8735
    23      4.095519e-01          557.0167
    24      4.144811e-01          547.8746
    25      4.212992e-01          557.4189
    26      4.256184e-01          536.9272
    27      4.300121e-01          537.9495
    28      4.348359e-01          548.9886
    29      4.409951e-01          546.6555
    30      4.497735e-01          552.8027
    31      4.545249e-01          532.1713
    32      4.575293e-01          538.9515
    33      4.643055e-01          550.0696
    34      4.702142e-01          547.1866
    35      4.734987e-01          541.7271
    36      4.800518e-01          553.4040
    37      4.876662e-01          545.6236
    38      4.969005e-01          540.3200
    39      5.027279e-01          528.6725
    40      5.028950e-01          631.3641
    41      5.035205e-01          654.2752
    42      5.039130e-01          655.9459
    43      5.045350e-01          658.8276
    44      5.047575e-01          658.8952
    45      5.050450e-01          659.5759
    46      5.056987e-01          661.8788
    47      5.068807e-01          662.3929
    48      5.063279e-01          661.9346
    49      5.081958e-01          657.3396
    50      5.080879e-01          661.9100
    51      5.085591e-01          663.4078
    52      5.093998e-01          662.8710
    53      5.090551e-01          663.9119
    54      5.094055e-01          663.0356
    55      5.092528e-01          663.0007
    56      5.100256e-01          662.0546
    57      5.102320e-01          663.2390
    58      5.099714e-01          665.1251
    59      5.096871e-01          663.6530
    60      5.104334e-01          664.5833
    61      5.107300e-01          664.6433
    62      5.119267e-01          667.2610
    63      5.129907e-01          666.3386
    64      5.138538e-01          665.4848
    65      5.142045e-01          665.7911
    66      5.136127e-01          667.0743
    67      5.140814e-01          665.8777
    68      5.146615e-01          665.0832
    69      5.152205e-01          667.0761
    70      5.151290e-01          666.7842
    71      5.156040e-01          667.8136
    72      5.167741e-01          665.5004
    73      5.166393e-01          663.9255
    74      5.172676e-01          666.4462
    75      5.176918e-01          666.0612
    76      5.179012e-01          666.1190
    77      5.186085e-01          665.3386
    78      5.192689e-01          668.2356
    79      5.201772e-01          669.0408
    80      5.204039e-01          665.0704
    81      5.205862e-01          666.7101
    82      5.206685e-01          668.7448
    83      5.208013e-01          665.7717
    84      5.206988e-01          666.8913
    85      5.213459e-01          668.3701
    86      5.211317e-01          668.9468
    87      5.211627e-01          667.4747
    88      5.224075e-01          664.9534
    89      5.221810e-01          666.3459
    90      5.237254e-01          666.0701
    91      5.232026e-01          668.1975
    92      5.239913e-01          665.9657
    93      5.243477e-01          667.1973
    94      5.242893e-01          667.8221
    95      5.246226e-01          669.0402
    96      5.251883e-01          669.1691
    97      5.254413e-01          669.2410
    98      5.259103e-01          669.6492
    99      5.267878e-01          669.1995
   100      5.274092e-01          668.9988
   101      5.282192e-01          668.7072
   102      5.284529e-01          666.9699
   103      5.288188e-01          670.1753
   104      5.282176e-01          666.0843
   105      5.279884e-01          668.3777
   106      5.286948e-01          670.6850
   107      5.281741e-01          668.1926
   108      5.282643e-01          669.9379
   109      5.285512e-01          669.7560
   110      5.287579e-01          668.9372
   111      5.291107e-01          666.2827
   112      5.298917e-01          668.6269
   113      5.305614e-01          669.9162
   114      5.312653e-01          669.0287
   115      5.318633e-01          670.2966
   116      5.325999e-01          670.5107
   117      5.324739e-01          669.3140
   118      5.340289e-01          667.5876
   119      5.348827e-01          667.9556
   120      5.347748e-01          669.8724
   121      5.359878e-01          670.3248
   122      5.365132e-01          669.7404
   123      5.363752e-01          668.8588
   124      5.365698e-01          672.7756
   125      5.376319e-01          671.2017
   126      5.384395e-01          670.7223
   127      5.390470e-01          669.6044
   128      5.401617e-01          668.7601
   129      5.405093e-01          669.8464
   130      5.409482e-01          670.4343
   131      5.415513e-01          669.2121
   132      5.410039e-01          670.3206
   133      5.411817e-01          670.7557
   134      5.414230e-01          671.4739
   135      5.425789e-01          670.1970
   136      5.433549e-01          670.3868
   137      5.441255e-01          671.3157
   138      5.447910e-01          671.5239
   139      5.451243e-01          670.7188
   140      5.463806e-01          671.7933
   141      5.470465e-01          670.7630
   142      5.472012e-01          671.1306
   143      5.473203e-01          670.7390
   144      5.473576e-01          670.7521
   145      5.483576e-01          671.7145
   146      5.492847e-01          671.5505
   147      5.501782e-01          670.1907
   148      5.495533e-01          671.0568
   149      5.500603e-01          670.5436
   150      5.502291e-01          671.4898
   151      5.498847e-01          671.5974
   152      5.498099e-01          672.3233
   153      5.496905e-01          674.0656
   154      5.507225e-01          670.9306
   155      5.510924e-01          669.9344
   156      5.510375e-01          673.1203
   157      5.521752e-01          668.0232
   158      5.529720e-01          670.2286
   159      5.540230e-01          670.6151
   160      5.549417e-01          671.4158
   161      5.552028e-01          673.1613
   162      5.553035e-01          670.2209
   163      5.559615e-01          672.0656
   164      5.566952e-01          670.3170
   165      5.573254e-01          670.0856
   166      5.575011e-01          671.9595
   167      5.583456e-01          672.0715
   168      5.573166e-01          671.4708
   169      5.578575e-01          671.4714
   170      5.571206e-01          671.3896
   171      5.566097e-01          671.4808
   172      5.579890e-01          670.2931
   173      5.584023e-01          670.0245
   174      5.594011e-01          668.8098
   175      5.585325e-01          671.0823
   176      5.591618e-01          670.9885
   177      5.590316e-01          672.5005
   178      5.594985e-01          673.1773
   179      5.605335e-01          670.6450
   180      5.605183e-01          672.6571
   181      5.599675e-01          672.4114
   182      5.604467e-01          669.5952
   183      5.610054e-01          669.0721
   184      5.619216e-01          672.8407
   185      5.618401e-01          671.8083
   186      5.623528e-01          671.7394
   187      5.630003e-01          671.5884
   188      5.633103e-01          669.9617
   189      5.635138e-01          672.4669
   190      5.637844e-01          671.2944
   191      5.644717e-01          670.7104
   192      5.642934e-01          671.6240
   193      5.648891e-01          671.5022
   194      5.644774e-01          671.6637
   195      5.640126e-01          671.7219
   196      5.639681e-01          670.6804
   197      5.640794e-01          672.8495
   198      5.656941e-01          669.5649
   199      5.664673e-01          671.6523
------------------------------------------------------------
Summary
------------------------------------------------------------
  Final  ||θ - θ_true||_2  = 5.664673e-01
  Final  log-likelihood   = 671.6523
  Best   log-likelihood   = 674.0656  (epoch 153)
============================================================
